#
# A fatal error has been detected by the Java Runtime Environment:
#
#  EXCEPTION_ACCESS_VIOLATION (0xc0000005) at pc=0x00007ffc43e02b60, pid=12712, tid=12800
#
# JRE version: OpenJDK Runtime Environment Microsoft-13106404 (21.0.10+7) (build 21.0.10+7-LTS)
# Java VM: OpenJDK 64-Bit Server VM Microsoft-13106404 (21.0.10+7-LTS, mixed mode, sharing, tiered, compressed oops, compressed class ptrs, g1 gc, windows-amd64)
# Problematic frame:
# C  [atio6axx.dll+0x192b60]
#
# No core dump will be written. Minidumps are not enabled by default on client versions of Windows
#
# If you would like to submit a bug report, please visit:
#   https://github.com/microsoft/openjdk/issues
# The crash happened outside the Java Virtual Machine in native code.
# See problematic frame for where to report the bug.
#

---------------  S U M M A R Y ------------

Command Line: -Dforge.enableGameTest=true -Dforge.enabledGameTestNamespaces=discord -Dforge.logging.console.level=debug -Dforge.logging.markers=REGISTRIES -Djava.net.preferIPv6Addresses=system -XX:HeapDumpPath=MojangTricksIntelDriversForPerformance_javaw.exe_minecraft.exe.heapdump -Dfile.encoding=UTF-8 -Duser.country=RU -Duser.language=ru -Duser.variant net.minecraftforge.bootstrap.ForgeBootstrap --launchTarget forge_userdev_client --version MOD_DEV --assetIndex 17 --assetsDir C:\Users\glackus\.gradle\caches\forge_gradle\assets --gameDir . --username glackus --password glackus228*

Host: AMD Ryzen 5 5600G with Radeon Graphics         , 12 cores, 7G,  Windows 10 , 64 bit Build 19041 (10.0.19041.1202)
Time: Fri Feb 13 01:04:22 2026 elapsed time: 4.184623 seconds (0d 0h 0m 4s)

---------------  T H R E A D  ---------------

Current thread (0x0000018310e91070):  JavaThread "main"             [_thread_in_native, id=12800, stack(0x0000004b5c300000,0x0000004b5c400000) (1024K)]

Stack: [0x0000004b5c300000,0x0000004b5c400000],  sp=0x0000004b5c3fb508,  free space=1005k
Native frames: (J=compiled Java code, j=interpreted, Vv=VM code, C=native code)
C  [atio6axx.dll+0x192b60]  (no source info available)

Java frames: (J=compiled Java code, j=interpreted, Vv=VM code)
j  org.lwjgl.system.JNI.invokePPPP(IIJJJJ)J+0 org.lwjgl@3.3.3+5
j  org.lwjgl.glfw.GLFW.nglfwCreateWindow(IIJJJ)J+14 org.lwjgl.glfw@3.3.3+5
j  org.lwjgl.glfw.GLFW.glfwCreateWindow(IILjava/lang/CharSequence;JJ)J+34 org.lwjgl.glfw@3.3.3+5
j  net.minecraftforge.fml.earlydisplay.DisplayWindow.initWindow(Ljava/lang/String;)V+443 net.minecraftforge.earlydisplay@1.21.1-52.1.10
j  net.minecraftforge.fml.earlydisplay.DisplayWindow.start(Ljava/lang/String;Ljava/lang/String;)Ljava/lang/Runnable;+14 net.minecraftforge.earlydisplay@1.21.1-52.1.10
j  net.minecraftforge.fml.earlydisplay.DisplayWindow.initialize([Ljava/lang/String;)Ljava/lang/Runnable;+369 net.minecraftforge.earlydisplay@1.21.1-52.1.10
j  net.minecraftforge.fml.loading.ImmediateWindowHandler.load(Ljava/lang/String;[Ljava/lang/String;)V+198 net.minecraftforge.fmlloader@1.21.1-52.1.10
j  net.minecraftforge.fml.loading.ModDirTransformerDiscoverer.earlyInitialization(Ljava/lang/String;[Ljava/lang/String;)V+2 net.minecraftforge.fmlloader@1.21.1-52.1.10
j  cpw.mods.modlauncher.TransformationServicesHandler.discoverServices(Lcpw/mods/modlauncher/ArgumentHandler$DiscoveryData;)V+274 cpw.mods.modlauncher@10.2.4
j  cpw.mods.modlauncher.Launcher.run([Ljava/lang/String;)V+14 cpw.mods.modlauncher@10.2.4
j  cpw.mods.modlauncher.Launcher.main([Ljava/lang/String;)V+114 cpw.mods.modlauncher@10.2.4
j  cpw.mods.modlauncher.BootstrapEntry.main([Ljava/lang/String;)V+1 cpw.mods.modlauncher@10.2.4
j  net.minecraftforge.bootstrap.Bootstrap.moduleMain([Ljava/lang/String;Ljava/util/List;)V+315 net.minecraftforge.bootstrap@2.1.7
j  java.lang.invoke.LambdaForm$DMH+0x000001832f081000.invokeVirtual(Ljava/lang/Object;Ljava/lang/Object;Ljava/lang/Object;Ljava/lang/Object;)V+14 java.base@21.0.10
j  java.lang.invoke.LambdaForm$MH+0x000001832f082000.invoke(Ljava/lang/Object;Ljava/lang/Object;Ljava/lang/Object;Ljava/lang/Object;)Ljava/lang/Object;+73 java.base@21.0.10
j  java.lang.invoke.LambdaForm$MH+0x000001832f082400.invokeExact_MT(Ljava/lang/Object;Ljava/lang/Object;Ljava/lang/Object;Ljava/lang/Object;Ljava/lang/Object;)Ljava/lang/Object;+22 java.base@21.0.10
j  jdk.internal.reflect.DirectMethodHandleAccessor.invokeImpl(Ljava/lang/Object;[Ljava/lang/Object;)Ljava/lang/Object;+72 java.base@21.0.10
j  jdk.internal.reflect.DirectMethodHandleAccessor.invoke(Ljava/lang/Object;[Ljava/lang/Object;)Ljava/lang/Object;+23 java.base@21.0.10
j  java.lang.reflect.Method.invoke(Ljava/lang/Object;[Ljava/lang/Object;)Ljava/lang/Object;+102 java.base@21.0.10
j  net.minecraftforge.bootstrap.Bootstrap.bootstrapMain([Ljava/lang/String;Ljava/util/List;)V+211
j  net.minecraftforge.bootstrap.Bootstrap.start([Ljava/lang/String;)V+186
j  net.minecraftforge.bootstrap.ForgeBootstrap.main([Ljava/lang/String;)V+8
v  ~StubRoutines::call_stub 0x0000018320ad100d

siginfo: EXCEPTION_ACCESS_VIOLATION (0xc0000005), reading address 0xffffffffffffffff


Registers:
RAX=0x0000000000000000, RBX=0x00007ffc476433b0, RCX=0x3230366565383861, RDX=0x00000000000000d1
RSP=0x0000004b5c3fb508, RBP=0x0000004b5c3fb670, RSI=0x00007ffc47552d40, RDI=0x0000004b5c3fb960
R8 =0x00000000000001a5, R9 =0x3230366565383861, R10=0x0000000000000000, R11=0x0000000000000200
R12=0x00007ffc47643408, R13=0x00007ffc47645c08, R14=0x00007ffc476433b0, R15=0x0000000000000000
RIP=0x00007ffc43e02b60, EFLAGS=0x0000000000010202

XMM[0]=0x000000f000000001 0x0000002d00000001
XMM[1]=0x0000000000000000 0x0000000000000000
XMM[2]=0x0000000000000000 0x0000000000000000
XMM[3]=0x0000000000000000 0x0000000000000000
XMM[4]=0x0000000000000000 0x0000000000000000
XMM[5]=0x0000000000000000 0x0000000000000000
XMM[6]=0x0000000000000000 0x0a163ef2749a403d
XMM[7]=0x0000000000000000 0x7390eba5c1b044b9
XMM[8]=0x0000000000000000 0x8e8662f25c52007f
XMM[9]=0x0000000000000000 0x4ea0f42c55e85ad9
XMM[10]=0x0000000000000000 0x00000000074766ad
XMM[11]=0x0000000000000000 0xa9fbf020ffe44af9
XMM[12]=0x0000000000000000 0x0000000055e85ad9
XMM[13]=0x0000000000000000 0x00000000f51ec61b
XMM[14]=0x0000000000000000 0x934a10bb36f8216c
XMM[15]=0x0000000000000000 0x00000000a3ae10b1
  MXCSR=0x00001fa0


Register to memory mapping:

RAX=0x0 is null
RBX=0x00007ffc476433b0 atio6axx.dll
RCX=0x3230366565383861 is an unknown value
RDX=0x00000000000000d1 is an unknown value
RSP=0x0000004b5c3fb508 is pointing into the stack for thread: 0x0000018310e91070
RBP=0x0000004b5c3fb670 is pointing into the stack for thread: 0x0000018310e91070
RSI=0x00007ffc47552d40 atio6axx.dll
RDI=0x0000004b5c3fb960 is pointing into the stack for thread: 0x0000018310e91070
R8 =0x00000000000001a5 is an unknown value
R9 =0x3230366565383861 is an unknown value
R10=0x0 is null
R11=0x0000000000000200 is an unknown value
R12=0x00007ffc47643408 atio6axx.dll
R13=0x00007ffc47645c08 atio6axx.dll
R14=0x00007ffc476433b0 atio6axx.dll
R15=0x0 is null

Top of Stack: (sp=0x0000004b5c3fb508)
0x0000004b5c3fb508:   00007ffc43e02e7c 00007ffc47646020
0x0000004b5c3fb518:   0000018374e4a778 0000000000000000
0x0000004b5c3fb528:   00007ffc43e03e8d 0000004b5c3fb960
0x0000004b5c3fb538:   00007ffc43dbf484 00007ffc476433b0
0x0000004b5c3fb548:   00007ffc47552d40 0000652e6176616a
0x0000004b5c3fb558:   0000f8de58fc3863 0000004b5c3fb960
0x0000004b5c3fb568:   00007ffc43dc0457 00007ffc476433b8
0x0000004b5c3fb578:   00007ffc47552d40 00007ffc47552d40
0x0000004b5c3fb588:   000001837672280e 00007ffc476433b0
0x0000004b5c3fb598:   0000000000000000 000000000000000a
0x0000004b5c3fb5a8:   00000183767229c8 0000018376722b14
0x0000004b5c3fb5b8:   00007ffc476433b8 0000004b5c3fb960
0x0000004b5c3fb5c8:   0000004b5c3fb716 00007f006176616a
0x0000004b5c3fb5d8:   00007f006176616a 46676e697274535c
0x0000004b5c3fb5e8:   5c6f666e49656c69 3062343039303430
0x0000004b5c3fb5f8:   726556656c69465c 000000006e6f6973
0x0000004b5c3fb608:   0000000000000000 0000000000000000
0x0000004b5c3fb618:   0000000000000000 0000000a0000011c
0x0000004b5c3fb628:   00004a6400000000 0000000000000002
0x0000004b5c3fb638:   0000000000000000 0000000000000000
0x0000004b5c3fb648:   0000000000000000 0000000000000000
0x0000004b5c3fb658:   0000000000000000 0000000000000000
0x0000004b5c3fb668:   0000000000000000 0000000000000000
0x0000004b5c3fb678:   0000000000000000 0000000000000000
0x0000004b5c3fb688:   0000000000000000 0000000000000000
0x0000004b5c3fb698:   0000000000000000 0000000000000000
0x0000004b5c3fb6a8:   0000000000000000 0000000000000000
0x0000004b5c3fb6b8:   0000000000000000 0000000000000000
0x0000004b5c3fb6c8:   0000000000000000 0000000000000000
0x0000004b5c3fb6d8:   0000000000000000 0000000000000000
0x0000004b5c3fb6e8:   0000000000000000 73726573555c3a43
0x0000004b5c3fb6f8:   73756b63616c675c 6d5c736b646a2e5c 

Instructions: (pc=0x00007ffc43e02b60)
0x00007ffc43e02a60:   74 09 33 c9 ff 15 e6 89 66 03 90 48 8b c3 48 83
0x00007ffc43e02a70:   c4 20 5b c3 cc cc cc cc cc cc cc cc cc cc cc cc
0x00007ffc43e02a80:   48 83 ec 28 48 8b 51 08 48 85 d2 74 09 33 c9 ff
0x00007ffc43e02a90:   15 bb 89 66 03 90 48 83 c4 28 c3 cc cc cc cc cc
0x00007ffc43e02aa0:   48 89 11 c3 cc cc cc cc cc cc cc cc cc cc cc cc
0x00007ffc43e02ab0:   48 8b c1 c3 cc cc cc cc cc cc cc cc cc cc cc cc
0x00007ffc43e02ac0:   48 3b ca 74 10 41 8b 00 39 01 74 09 48 83 c1 04
0x00007ffc43e02ad0:   48 3b ca 75 f3 48 8b c1 c3 cc cc cc cc cc cc cc
0x00007ffc43e02ae0:   48 8b c1 c3 cc cc cc cc cc cc cc cc cc cc cc cc
0x00007ffc43e02af0:   48 83 39 00 0f 94 c0 c3 cc cc cc cc cc cc cc cc
0x00007ffc43e02b00:   4c 8d 04 d5 00 00 00 00 33 d2 e9 c1 d0 dd 01 cc
0x00007ffc43e02b10:   4c 8b 41 08 48 8b 02 49 89 00 48 83 41 08 08 c3
0x00007ffc43e02b20:   48 8b c1 c3 cc cc cc cc cc cc cc cc cc cc cc cc
0x00007ffc43e02b30:   48 8b c1 c3 cc cc cc cc cc cc cc cc cc cc cc cc
0x00007ffc43e02b40:   49 8b 00 48 89 02 c3 cc cc cc cc cc cc cc cc cc
0x00007ffc43e02b50:   8b 81 40 39 00 00 c3 cc cc cc cc cc cc cc cc cc
0x00007ffc43e02b60:   8b 81 40 39 00 00 83 c0 f0 83 f8 67 0f 87 5a 01
0x00007ffc43e02b70:   00 00 48 8d 15 87 d4 e6 ff 0f b6 84 02 f0 2c 19
0x00007ffc43e02b80:   00 8b 8c 82 d0 2c 19 00 48 03 ca ff e1 48 8b 0d
0x00007ffc43e02b90:   6c 6f 7e 03 83 b9 b4 34 00 00 02 0f 87 2b 01 00
0x00007ffc43e02ba0:   00 48 8d 91 0c 29 00 00 c7 02 e1 00 00 00 e9 ce
0x00007ffc43e02bb0:   00 00 00 48 8b 0d 46 6f 7e 03 83 b9 b4 34 00 00
0x00007ffc43e02bc0:   02 0f 87 05 01 00 00 48 8d 91 0c 29 00 00 c7 02
0x00007ffc43e02bd0:   f0 00 00 00 e9 a8 00 00 00 48 8b 0d 20 6f 7e 03
0x00007ffc43e02be0:   83 b9 b4 34 00 00 02 0f 87 df 00 00 00 48 8d 91
0x00007ffc43e02bf0:   0c 29 00 00 c7 02 00 04 00 00 e9 82 00 00 00 48
0x00007ffc43e02c00:   8b 0d fa 6e 7e 03 83 b9 b4 34 00 00 02 0f 87 b9
0x00007ffc43e02c10:   00 00 00 48 8d 91 0c 29 00 00 c7 02 00 08 00 00
0x00007ffc43e02c20:   eb 5f 48 8b 0d d7 6e 7e 03 83 b9 b4 34 00 00 02
0x00007ffc43e02c30:   0f 87 96 00 00 00 48 8d 91 0c 29 00 00 c7 02 00
0x00007ffc43e02c40:   09 00 00 eb 3c 48 8b 0d b4 6e 7e 03 83 b9 b4 34
0x00007ffc43e02c50:   00 00 02 77 77 48 8d 91 0c 29 00 00 c7 02 3c 0f 


Stack slot to memory mapping:

stack at sp + 0 slots: 0x00007ffc43e02e7c atio6axx.dll
stack at sp + 1 slots: 0x00007ffc47646020 atio6axx.dll
stack at sp + 2 slots: 0x0000018374e4a778 points into unknown readable memory: 0x00007ffc46e4f5f0 | f0 f5 e4 46 fc 7f 00 00
stack at sp + 3 slots: 0x0 is null
stack at sp + 4 slots: 0x00007ffc43e03e8d atio6axx.dll
stack at sp + 5 slots: 0x0000004b5c3fb960 is pointing into the stack for thread: 0x0000018310e91070
stack at sp + 6 slots: 0x00007ffc43dbf484 atio6axx.dll
stack at sp + 7 slots: 0x00007ffc476433b0 atio6axx.dll


---------------  P R O C E S S  ---------------

Threads class SMR info:
_java_thread_list=0x0000018375920680, length=15, elements={
0x0000018310e91070, 0x000001832dc2edd0, 0x000001832dc2f830, 0x000001832dc311d0,
0x000001832dc51fa0, 0x000001832dc531a0, 0x000001832dc543a0, 0x000001832dc5cdf0,
0x000001832dc5e840, 0x000001837316ec50, 0x00000183731872c0, 0x000001837318f9b0,
0x000001837396e1e0, 0x0000018375007830, 0x0000018376a81e60
}

Java Threads: ( => current thread )
=>0x0000018310e91070 JavaThread "main"                              [_thread_in_native, id=12800, stack(0x0000004b5c300000,0x0000004b5c400000) (1024K)]
  0x000001832dc2edd0 JavaThread "Reference Handler"          daemon [_thread_blocked, id=12832, stack(0x0000004b5cb00000,0x0000004b5cc00000) (1024K)]
  0x000001832dc2f830 JavaThread "Finalizer"                  daemon [_thread_blocked, id=12836, stack(0x0000004b5cc00000,0x0000004b5cd00000) (1024K)]
  0x000001832dc311d0 JavaThread "Signal Dispatcher"          daemon [_thread_blocked, id=12840, stack(0x0000004b5cd00000,0x0000004b5ce00000) (1024K)]
  0x000001832dc51fa0 JavaThread "Attach Listener"            daemon [_thread_blocked, id=12844, stack(0x0000004b5ce00000,0x0000004b5cf00000) (1024K)]
  0x000001832dc531a0 JavaThread "Service Thread"             daemon [_thread_blocked, id=12848, stack(0x0000004b5cf00000,0x0000004b5d000000) (1024K)]
  0x000001832dc543a0 JavaThread "Monitor Deflation Thread"   daemon [_thread_blocked, id=12852, stack(0x0000004b5d000000,0x0000004b5d100000) (1024K)]
  0x000001832dc5cdf0 JavaThread "C2 CompilerThread0"         daemon [_thread_blocked, id=12856, stack(0x0000004b5d100000,0x0000004b5d200000) (1024K)]
  0x000001832dc5e840 JavaThread "C1 CompilerThread0"         daemon [_thread_blocked, id=12860, stack(0x0000004b5d200000,0x0000004b5d300000) (1024K)]
  0x000001837316ec50 JavaThread "Notification Thread"        daemon [_thread_blocked, id=12864, stack(0x0000004b5d300000,0x0000004b5d400000) (1024K)]
  0x00000183731872c0 JavaThread "Common-Cleaner"             daemon [_thread_blocked, id=12868, stack(0x0000004b5d400000,0x0000004b5d500000) (1024K)]
  0x000001837318f9b0 JavaThread "C2 CompilerThread1"         daemon [_thread_blocked, id=12896, stack(0x0000004b5d500000,0x0000004b5d600000) (1024K)]
  0x000001837396e1e0 JavaThread "C2 CompilerThread2"         daemon [_thread_blocked, id=12912, stack(0x0000004b5d900000,0x0000004b5da00000) (1024K)]
  0x0000018375007830 JavaThread "JNA Cleaner"                daemon [_thread_blocked, id=12928, stack(0x0000004b5df00000,0x0000004b5e000000) (1024K)]
  0x0000018376a81e60 JavaThread "EarlyDisplay"               daemon [_thread_blocked, id=12980, stack(0x0000004b5e600000,0x0000004b5e700000) (1024K)]
Total: 15

Other Threads:
  0x000001832dc12d80 VMThread "VM Thread"                           [id=12828, stack(0x0000004b5ca00000,0x0000004b5cb00000) (1024K)]
  0x000001832dbff610 WatcherThread "VM Periodic Task Thread"        [id=12824, stack(0x0000004b5c900000,0x0000004b5ca00000) (1024K)]
  0x0000018310ee7fa0 WorkerThread "GC Thread#0"                     [id=12804, stack(0x0000004b5c400000,0x0000004b5c500000) (1024K)]
  0x0000018373e1e970 WorkerThread "GC Thread#1"                     [id=12880, stack(0x0000004b5d600000,0x0000004b5d700000) (1024K)]
  0x0000018373e7e190 WorkerThread "GC Thread#2"                     [id=12884, stack(0x0000004b5d700000,0x0000004b5d800000) (1024K)]
  0x0000018374006520 WorkerThread "GC Thread#3"                     [id=12888, stack(0x0000004b5d800000,0x0000004b5d900000) (1024K)]
  0x0000018374ede670 WorkerThread "GC Thread#4"                     [id=12904, stack(0x0000004b5da00000,0x0000004b5db00000) (1024K)]
  0x0000018374edea20 WorkerThread "GC Thread#5"                     [id=12908, stack(0x0000004b5db00000,0x0000004b5dc00000) (1024K)]
  0x00000183744f6030 WorkerThread "GC Thread#6"                     [id=12916, stack(0x0000004b5dc00000,0x0000004b5dd00000) (1024K)]
  0x00000183741790d0 WorkerThread "GC Thread#7"                     [id=12936, stack(0x0000004b5e000000,0x0000004b5e100000) (1024K)]
  0x0000018374179480 WorkerThread "GC Thread#8"                     [id=12940, stack(0x0000004b5e100000,0x0000004b5e200000) (1024K)]
  0x0000018374179830 WorkerThread "GC Thread#9"                     [id=12944, stack(0x0000004b5e200000,0x0000004b5e300000) (1024K)]
  0x0000018310ef7d40 ConcurrentGCThread "G1 Main Marker"            [id=12808, stack(0x0000004b5c500000,0x0000004b5c600000) (1024K)]
  0x0000018310ef8850 WorkerThread "G1 Conc#0"                       [id=12812, stack(0x0000004b5c600000,0x0000004b5c700000) (1024K)]
  0x0000018375f24ad0 WorkerThread "G1 Conc#1"                       [id=12920, stack(0x0000004b5dd00000,0x0000004b5de00000) (1024K)]
  0x0000018375f5b000 WorkerThread "G1 Conc#2"                       [id=12924, stack(0x0000004b5de00000,0x0000004b5df00000) (1024K)]
  0x000001832dace5e0 ConcurrentGCThread "G1 Refine#0"               [id=12816, stack(0x0000004b5c700000,0x0000004b5c800000) (1024K)]
  0x000001832dad0f80 ConcurrentGCThread "G1 Service"                [id=12820, stack(0x0000004b5c800000,0x0000004b5c900000) (1024K)]
Total: 18

Threads with active compile tasks:
Total: 0

VM state: not at safepoint (normal execution)

VM Mutex/Monitor currently owned by a thread: None

Heap address: 0x000000008a000000, size: 1888 MB, Compressed Oops mode: 32-bit

CDS archive(s) mapped at: [0x000001832e000000-0x000001832ec80000-0x000001832ec80000), size 13107200, SharedBaseAddress: 0x000001832e000000, ArchiveRelocationMode: 1.
Compressed class space mapped at: 0x000001832f000000-0x000001836f000000, reserved size: 1073741824
Narrow klass base: 0x000001832e000000, Narrow klass shift: 0, Narrow klass range: 0x100000000

GC Precious Log:
 CardTable entry size: 512
 Card Set container configuration: InlinePtr #cards 5 size 8 Array Of Cards #cards 12 size 40 Howl #buckets 4 coarsen threshold 1843 Howl Bitmap #cards 512 size 80 coarsen threshold 460 Card regions per heap region 1 cards per card region 2048
 CPUs: 12 total, 12 available
 Memory: 7550M
 Large Page Support: Disabled
 NUMA Support: Disabled
 Compressed Oops: Enabled (32-bit)
 Heap Region Size: 1M
 Heap Min Capacity: 8M
 Heap Initial Capacity: 118M
 Heap Max Capacity: 1888M
 Pre-touch: Disabled
 Parallel Workers: 10
 Concurrent Workers: 3
 Concurrent Refinement Workers: 10
 Periodic GC: Disabled

Heap:
 garbage-first heap   total 153600K, used 81919K [0x000000008a000000, 0x0000000100000000)
  region size 1024K, 29 young (29696K), 5 survivors (5120K)
 Metaspace       used 19620K, committed 20096K, reserved 1114112K
  class space    used 2183K, committed 2368K, reserved 1048576K

Heap Regions: E=young(eden), S=young(survivor), O=old, HS=humongous(starts), HC=humongous(continues), CS=collection set, F=free, TAMS=top-at-mark-start, PB=parsable bottom
|   0|0x000000008a000000, 0x000000008a100000, 0x000000008a100000|100%|HS|  |TAMS 0x000000008a000000| PB 0x000000008a000000| Complete 
|   1|0x000000008a100000, 0x000000008a200000, 0x000000008a200000|100%|HC|  |TAMS 0x000000008a100000| PB 0x000000008a100000| Complete 
|   2|0x000000008a200000, 0x000000008a300000, 0x000000008a300000|100%|HS|  |TAMS 0x000000008a200000| PB 0x000000008a200000| Complete 
|   3|0x000000008a300000, 0x000000008a400000, 0x000000008a400000|100%|HC|  |TAMS 0x000000008a300000| PB 0x000000008a300000| Complete 
|   4|0x000000008a400000, 0x000000008a500000, 0x000000008a500000|100%|HS|  |TAMS 0x000000008a400000| PB 0x000000008a400000| Complete 
|   5|0x000000008a500000, 0x000000008a600000, 0x000000008a600000|100%|HC|  |TAMS 0x000000008a500000| PB 0x000000008a500000| Complete 
|   6|0x000000008a600000, 0x000000008a700000, 0x000000008a700000|100%| O|  |TAMS 0x000000008a600000| PB 0x000000008a600000| Untracked 
|   7|0x000000008a700000, 0x000000008a800000, 0x000000008a800000|100%| O|  |TAMS 0x000000008a700000| PB 0x000000008a700000| Untracked 
|   8|0x000000008a800000, 0x000000008a900000, 0x000000008a900000|100%|HS|  |TAMS 0x000000008a800000| PB 0x000000008a800000| Complete 
|   9|0x000000008a900000, 0x000000008aa00000, 0x000000008aa00000|100%|HC|  |TAMS 0x000000008a900000| PB 0x000000008a900000| Complete 
|  10|0x000000008aa00000, 0x000000008ab00000, 0x000000008ab00000|100%|HS|  |TAMS 0x000000008aa00000| PB 0x000000008aa00000| Complete 
|  11|0x000000008ab00000, 0x000000008ac00000, 0x000000008ac00000|100%|HC|  |TAMS 0x000000008ab00000| PB 0x000000008ab00000| Complete 
|  12|0x000000008ac00000, 0x000000008ad00000, 0x000000008ad00000|100%| O|  |TAMS 0x000000008ac00000| PB 0x000000008ac00000| Untracked 
|  13|0x000000008ad00000, 0x000000008ae00000, 0x000000008ae00000|100%| O|  |TAMS 0x000000008ad00000| PB 0x000000008ad00000| Untracked 
|  14|0x000000008ae00000, 0x000000008af00000, 0x000000008af00000|100%| O|  |TAMS 0x000000008ae00000| PB 0x000000008ae00000| Untracked 
|  15|0x000000008af00000, 0x000000008b000000, 0x000000008b000000|100%| O|  |TAMS 0x000000008af00000| PB 0x000000008af00000| Untracked 
|  16|0x000000008b000000, 0x000000008b100000, 0x000000008b100000|100%| O|  |TAMS 0x000000008b000000| PB 0x000000008b000000| Untracked 
|  17|0x000000008b100000, 0x000000008b200000, 0x000000008b200000|100%| O|  |TAMS 0x000000008b100000| PB 0x000000008b100000| Untracked 
|  18|0x000000008b200000, 0x000000008b300000, 0x000000008b300000|100%|HS|  |TAMS 0x000000008b200000| PB 0x000000008b200000| Complete 
|  19|0x000000008b300000, 0x000000008b400000, 0x000000008b400000|100%|HC|  |TAMS 0x000000008b300000| PB 0x000000008b300000| Complete 
|  20|0x000000008b400000, 0x000000008b500000, 0x000000008b500000|100%| O|  |TAMS 0x000000008b400000| PB 0x000000008b400000| Untracked 
|  21|0x000000008b500000, 0x000000008b600000, 0x000000008b600000|100%| O|  |TAMS 0x000000008b500000| PB 0x000000008b500000| Untracked 
|  22|0x000000008b600000, 0x000000008b700000, 0x000000008b700000|100%| O|  |TAMS 0x000000008b600000| PB 0x000000008b600000| Untracked 
|  23|0x000000008b700000, 0x000000008b800000, 0x000000008b800000|100%| O|  |TAMS 0x000000008b700000| PB 0x000000008b700000| Untracked 
|  24|0x000000008b800000, 0x000000008b900000, 0x000000008b900000|100%| O|  |TAMS 0x000000008b800000| PB 0x000000008b800000| Untracked 
|  25|0x000000008b900000, 0x000000008ba00000, 0x000000008ba00000|100%| O|  |TAMS 0x000000008b900000| PB 0x000000008b900000| Untracked 
|  26|0x000000008ba00000, 0x000000008bb00000, 0x000000008bb00000|100%| O|  |TAMS 0x000000008ba00000| PB 0x000000008ba00000| Untracked 
|  27|0x000000008bb00000, 0x000000008bb00000, 0x000000008bc00000|  0%| F|  |TAMS 0x000000008bb00000| PB 0x000000008bb00000| Untracked 
|  28|0x000000008bc00000, 0x000000008bc00000, 0x000000008bd00000|  0%| F|  |TAMS 0x000000008bc00000| PB 0x000000008bc00000| Untracked 
|  29|0x000000008bd00000, 0x000000008be00000, 0x000000008be00000|100%| O|  |TAMS 0x000000008bd00000| PB 0x000000008bd00000| Untracked 
|  30|0x000000008be00000, 0x000000008bf00000, 0x000000008bf00000|100%| O|  |TAMS 0x000000008be00000| PB 0x000000008be00000| Untracked 
|  31|0x000000008bf00000, 0x000000008bf00000, 0x000000008c000000|  0%| F|  |TAMS 0x000000008bf00000| PB 0x000000008bf00000| Untracked 
|  32|0x000000008c000000, 0x000000008c06cf40, 0x000000008c100000| 42%| O|  |TAMS 0x000000008c000000| PB 0x000000008c000000| Untracked 
|  33|0x000000008c100000, 0x000000008c100000, 0x000000008c200000|  0%| F|  |TAMS 0x000000008c100000| PB 0x000000008c100000| Untracked 
|  34|0x000000008c200000, 0x000000008c200000, 0x000000008c300000|  0%| F|  |TAMS 0x000000008c200000| PB 0x000000008c200000| Untracked 
|  35|0x000000008c300000, 0x000000008c300000, 0x000000008c400000|  0%| F|  |TAMS 0x000000008c300000| PB 0x000000008c300000| Untracked 
|  36|0x000000008c400000, 0x000000008c500000, 0x000000008c500000|100%| O|  |TAMS 0x000000008c400000| PB 0x000000008c400000| Untracked 
|  37|0x000000008c500000, 0x000000008c600000, 0x000000008c600000|100%| O|  |TAMS 0x000000008c500000| PB 0x000000008c500000| Untracked 
|  38|0x000000008c600000, 0x000000008c700000, 0x000000008c700000|100%| O|  |TAMS 0x000000008c600000| PB 0x000000008c600000| Untracked 
|  39|0x000000008c700000, 0x000000008c800000, 0x000000008c800000|100%| O|  |TAMS 0x000000008c700000| PB 0x000000008c700000| Untracked 
|  40|0x000000008c800000, 0x000000008c900000, 0x000000008c900000|100%| O|  |TAMS 0x000000008c800000| PB 0x000000008c800000| Untracked 
|  41|0x000000008c900000, 0x000000008ca00000, 0x000000008ca00000|100%| O|  |TAMS 0x000000008c900000| PB 0x000000008c900000| Untracked 
|  42|0x000000008ca00000, 0x000000008cb00000, 0x000000008cb00000|100%| O|  |TAMS 0x000000008ca00000| PB 0x000000008ca00000| Untracked 
|  43|0x000000008cb00000, 0x000000008cc00000, 0x000000008cc00000|100%| O|  |TAMS 0x000000008cb00000| PB 0x000000008cb00000| Untracked 
|  44|0x000000008cc00000, 0x000000008cd00000, 0x000000008cd00000|100%| O|  |TAMS 0x000000008cc00000| PB 0x000000008cc00000| Untracked 
|  45|0x000000008cd00000, 0x000000008ce00000, 0x000000008ce00000|100%| O|  |TAMS 0x000000008cd00000| PB 0x000000008cd00000| Untracked 
|  46|0x000000008ce00000, 0x000000008cf00000, 0x000000008cf00000|100%| O|  |TAMS 0x000000008ce00000| PB 0x000000008ce00000| Untracked 
|  47|0x000000008cf00000, 0x000000008d000000, 0x000000008d000000|100%| O|  |TAMS 0x000000008cf00000| PB 0x000000008cf00000| Untracked 
|  48|0x000000008d000000, 0x000000008d100000, 0x000000008d100000|100%| O|  |TAMS 0x000000008d000000| PB 0x000000008d000000| Untracked 
|  49|0x000000008d100000, 0x000000008d200000, 0x000000008d200000|100%| O|  |TAMS 0x000000008d100000| PB 0x000000008d100000| Untracked 
|  50|0x000000008d200000, 0x000000008d200000, 0x000000008d300000|  0%| F|  |TAMS 0x000000008d200000| PB 0x000000008d200000| Untracked 
|  51|0x000000008d300000, 0x000000008d300000, 0x000000008d400000|  0%| F|  |TAMS 0x000000008d300000| PB 0x000000008d300000| Untracked 
|  52|0x000000008d400000, 0x000000008d500000, 0x000000008d500000|100%| O|  |TAMS 0x000000008d400000| PB 0x000000008d400000| Untracked 
|  53|0x000000008d500000, 0x000000008d600000, 0x000000008d600000|100%| O|  |TAMS 0x000000008d500000| PB 0x000000008d500000| Untracked 
|  54|0x000000008d600000, 0x000000008d700000, 0x000000008d700000|100%| O|  |TAMS 0x000000008d600000| PB 0x000000008d600000| Untracked 
|  55|0x000000008d700000, 0x000000008d800000, 0x000000008d800000|100%| O|  |TAMS 0x000000008d700000| PB 0x000000008d700000| Untracked 
|  56|0x000000008d800000, 0x000000008d900000, 0x000000008d900000|100%| O|  |TAMS 0x000000008d800000| PB 0x000000008d800000| Untracked 
|  57|0x000000008d900000, 0x000000008da00000, 0x000000008da00000|100%| O|  |TAMS 0x000000008d900000| PB 0x000000008d900000| Untracked 
|  58|0x000000008da00000, 0x000000008da00000, 0x000000008db00000|  0%| F|  |TAMS 0x000000008da00000| PB 0x000000008da00000| Untracked 
|  59|0x000000008db00000, 0x000000008db00000, 0x000000008dc00000|  0%| F|  |TAMS 0x000000008db00000| PB 0x000000008db00000| Untracked 
|  60|0x000000008dc00000, 0x000000008dc00000, 0x000000008dd00000|  0%| F|  |TAMS 0x000000008dc00000| PB 0x000000008dc00000| Untracked 
|  61|0x000000008dd00000, 0x000000008dd00000, 0x000000008de00000|  0%| F|  |TAMS 0x000000008dd00000| PB 0x000000008dd00000| Untracked 
|  62|0x000000008de00000, 0x000000008de00000, 0x000000008df00000|  0%| F|  |TAMS 0x000000008de00000| PB 0x000000008de00000| Untracked 
|  63|0x000000008df00000, 0x000000008df00000, 0x000000008e000000|  0%| F|  |TAMS 0x000000008df00000| PB 0x000000008df00000| Untracked 
|  64|0x000000008e000000, 0x000000008e000000, 0x000000008e100000|  0%| F|  |TAMS 0x000000008e000000| PB 0x000000008e000000| Untracked 
|  65|0x000000008e100000, 0x000000008e100000, 0x000000008e200000|  0%| F|  |TAMS 0x000000008e100000| PB 0x000000008e100000| Untracked 
|  66|0x000000008e200000, 0x000000008e300000, 0x000000008e300000|100%| O|  |TAMS 0x000000008e200000| PB 0x000000008e200000| Untracked 
|  67|0x000000008e300000, 0x000000008e400000, 0x000000008e400000|100%| O|  |TAMS 0x000000008e300000| PB 0x000000008e300000| Untracked 
|  68|0x000000008e400000, 0x000000008e500000, 0x000000008e500000|100%| O|  |TAMS 0x000000008e400000| PB 0x000000008e400000| Untracked 
|  69|0x000000008e500000, 0x000000008e500000, 0x000000008e600000|  0%| F|  |TAMS 0x000000008e500000| PB 0x000000008e500000| Untracked 
|  70|0x000000008e600000, 0x000000008e600000, 0x000000008e700000|  0%| F|  |TAMS 0x000000008e600000| PB 0x000000008e600000| Untracked 
|  71|0x000000008e700000, 0x000000008e700000, 0x000000008e800000|  0%| F|  |TAMS 0x000000008e700000| PB 0x000000008e700000| Untracked 
|  72|0x000000008e800000, 0x000000008e800000, 0x000000008e900000|  0%| F|  |TAMS 0x000000008e800000| PB 0x000000008e800000| Untracked 
|  73|0x000000008e900000, 0x000000008e900000, 0x000000008ea00000|  0%| F|  |TAMS 0x000000008e900000| PB 0x000000008e900000| Untracked 
|  74|0x000000008ea00000, 0x000000008ea00000, 0x000000008eb00000|  0%| F|  |TAMS 0x000000008ea00000| PB 0x000000008ea00000| Untracked 
|  75|0x000000008eb00000, 0x000000008eb00000, 0x000000008ec00000|  0%| F|  |TAMS 0x000000008eb00000| PB 0x000000008eb00000| Untracked 
|  76|0x000000008ec00000, 0x000000008ec00000, 0x000000008ed00000|  0%| F|  |TAMS 0x000000008ec00000| PB 0x000000008ec00000| Untracked 
|  77|0x000000008ed00000, 0x000000008ed00000, 0x000000008ee00000|  0%| F|  |TAMS 0x000000008ed00000| PB 0x000000008ed00000| Untracked 
|  78|0x000000008ee00000, 0x000000008ee00000, 0x000000008ef00000|  0%| F|  |TAMS 0x000000008ee00000| PB 0x000000008ee00000| Untracked 
|  79|0x000000008ef00000, 0x000000008ef00000, 0x000000008f000000|  0%| F|  |TAMS 0x000000008ef00000| PB 0x000000008ef00000| Untracked 
|  80|0x000000008f000000, 0x000000008f000000, 0x000000008f100000|  0%| F|  |TAMS 0x000000008f000000| PB 0x000000008f000000| Untracked 
|  81|0x000000008f100000, 0x000000008f192f40, 0x000000008f200000| 57%| S|CS|TAMS 0x000000008f100000| PB 0x000000008f100000| Complete 
|  82|0x000000008f200000, 0x000000008f300000, 0x000000008f300000|100%| S|CS|TAMS 0x000000008f200000| PB 0x000000008f200000| Complete 
|  83|0x000000008f300000, 0x000000008f400000, 0x000000008f400000|100%| S|CS|TAMS 0x000000008f300000| PB 0x000000008f300000| Complete 
|  84|0x000000008f400000, 0x000000008f500000, 0x000000008f500000|100%| S|CS|TAMS 0x000000008f400000| PB 0x000000008f400000| Complete 
|  85|0x000000008f500000, 0x000000008f600000, 0x000000008f600000|100%| S|CS|TAMS 0x000000008f500000| PB 0x000000008f500000| Complete 
|  86|0x000000008f600000, 0x000000008f600000, 0x000000008f700000|  0%| F|  |TAMS 0x000000008f600000| PB 0x000000008f600000| Untracked 
|  87|0x000000008f700000, 0x000000008f700000, 0x000000008f800000|  0%| F|  |TAMS 0x000000008f700000| PB 0x000000008f700000| Untracked 
|  88|0x000000008f800000, 0x000000008f800000, 0x000000008f900000|  0%| F|  |TAMS 0x000000008f800000| PB 0x000000008f800000| Untracked 
|  89|0x000000008f900000, 0x000000008f900000, 0x000000008fa00000|  0%| F|  |TAMS 0x000000008f900000| PB 0x000000008f900000| Untracked 
|  90|0x000000008fa00000, 0x000000008fa00000, 0x000000008fb00000|  0%| F|  |TAMS 0x000000008fa00000| PB 0x000000008fa00000| Untracked 
|  91|0x000000008fb00000, 0x000000008fb00000, 0x000000008fc00000|  0%| F|  |TAMS 0x000000008fb00000| PB 0x000000008fb00000| Untracked 
|  92|0x000000008fc00000, 0x000000008fc00000, 0x000000008fd00000|  0%| F|  |TAMS 0x000000008fc00000| PB 0x000000008fc00000| Untracked 
|  93|0x000000008fd00000, 0x000000008fd00000, 0x000000008fe00000|  0%| F|  |TAMS 0x000000008fd00000| PB 0x000000008fd00000| Untracked 
|  94|0x000000008fe00000, 0x000000008fe00000, 0x000000008ff00000|  0%| F|  |TAMS 0x000000008fe00000| PB 0x000000008fe00000| Untracked 
|  95|0x000000008ff00000, 0x000000008ff00000, 0x0000000090000000|  0%| F|  |TAMS 0x000000008ff00000| PB 0x000000008ff00000| Untracked 
|  96|0x0000000090000000, 0x0000000090000000, 0x0000000090100000|  0%| F|  |TAMS 0x0000000090000000| PB 0x0000000090000000| Untracked 
|  97|0x0000000090100000, 0x0000000090100000, 0x0000000090200000|  0%| F|  |TAMS 0x0000000090100000| PB 0x0000000090100000| Untracked 
|  98|0x0000000090200000, 0x0000000090200000, 0x0000000090300000|  0%| F|  |TAMS 0x0000000090200000| PB 0x0000000090200000| Untracked 
|  99|0x0000000090300000, 0x0000000090300000, 0x0000000090400000|  0%| F|  |TAMS 0x0000000090300000| PB 0x0000000090300000| Untracked 
| 100|0x0000000090400000, 0x0000000090400000, 0x0000000090500000|  0%| F|  |TAMS 0x0000000090400000| PB 0x0000000090400000| Untracked 
| 101|0x0000000090500000, 0x0000000090500000, 0x0000000090600000|  0%| F|  |TAMS 0x0000000090500000| PB 0x0000000090500000| Untracked 
| 102|0x0000000090600000, 0x0000000090600000, 0x0000000090700000|  0%| F|  |TAMS 0x0000000090600000| PB 0x0000000090600000| Untracked 
| 103|0x0000000090700000, 0x0000000090700000, 0x0000000090800000|  0%| F|  |TAMS 0x0000000090700000| PB 0x0000000090700000| Untracked 
| 104|0x0000000090800000, 0x0000000090800000, 0x0000000090900000|  0%| F|  |TAMS 0x0000000090800000| PB 0x0000000090800000| Untracked 
| 105|0x0000000090900000, 0x0000000090900000, 0x0000000090a00000|  0%| F|  |TAMS 0x0000000090900000| PB 0x0000000090900000| Untracked 
| 106|0x0000000090a00000, 0x0000000090a00000, 0x0000000090b00000|  0%| F|  |TAMS 0x0000000090a00000| PB 0x0000000090a00000| Untracked 
| 107|0x0000000090b00000, 0x0000000090b00000, 0x0000000090c00000|  0%| F|  |TAMS 0x0000000090b00000| PB 0x0000000090b00000| Untracked 
| 108|0x0000000090c00000, 0x0000000090c00000, 0x0000000090d00000|  0%| F|  |TAMS 0x0000000090c00000| PB 0x0000000090c00000| Untracked 
| 109|0x0000000090d00000, 0x0000000090d00000, 0x0000000090e00000|  0%| F|  |TAMS 0x0000000090d00000| PB 0x0000000090d00000| Untracked 
| 110|0x0000000090e00000, 0x0000000090e00000, 0x0000000090f00000|  0%| F|  |TAMS 0x0000000090e00000| PB 0x0000000090e00000| Untracked 
| 111|0x0000000090f00000, 0x0000000090f00000, 0x0000000091000000|  0%| F|  |TAMS 0x0000000090f00000| PB 0x0000000090f00000| Untracked 
| 112|0x0000000091000000, 0x0000000091000000, 0x0000000091100000|  0%| F|  |TAMS 0x0000000091000000| PB 0x0000000091000000| Untracked 
| 113|0x0000000091100000, 0x0000000091100000, 0x0000000091200000|  0%| F|  |TAMS 0x0000000091100000| PB 0x0000000091100000| Untracked 
| 114|0x0000000091200000, 0x0000000091200000, 0x0000000091300000|  0%| F|  |TAMS 0x0000000091200000| PB 0x0000000091200000| Untracked 
| 115|0x0000000091300000, 0x0000000091300000, 0x0000000091400000|  0%| F|  |TAMS 0x0000000091300000| PB 0x0000000091300000| Untracked 
| 116|0x0000000091400000, 0x0000000091400000, 0x0000000091500000|  0%| F|  |TAMS 0x0000000091400000| PB 0x0000000091400000| Untracked 
| 117|0x0000000091500000, 0x0000000091500000, 0x0000000091600000|  0%| F|  |TAMS 0x0000000091500000| PB 0x0000000091500000| Untracked 
| 118|0x0000000091600000, 0x0000000091600000, 0x0000000091700000|  0%| F|  |TAMS 0x0000000091600000| PB 0x0000000091600000| Untracked 
| 119|0x0000000091700000, 0x0000000091700000, 0x0000000091800000|  0%| F|  |TAMS 0x0000000091700000| PB 0x0000000091700000| Untracked 
| 120|0x0000000091800000, 0x0000000091800000, 0x0000000091900000|  0%| F|  |TAMS 0x0000000091800000| PB 0x0000000091800000| Untracked 
| 121|0x0000000091900000, 0x0000000091900000, 0x0000000091a00000|  0%| F|  |TAMS 0x0000000091900000| PB 0x0000000091900000| Untracked 
| 122|0x0000000091a00000, 0x0000000091a00000, 0x0000000091b00000|  0%| F|  |TAMS 0x0000000091a00000| PB 0x0000000091a00000| Untracked 
| 123|0x0000000091b00000, 0x0000000091b00000, 0x0000000091c00000|  0%| F|  |TAMS 0x0000000091b00000| PB 0x0000000091b00000| Untracked 
| 124|0x0000000091c00000, 0x0000000091c00000, 0x0000000091d00000|  0%| F|  |TAMS 0x0000000091c00000| PB 0x0000000091c00000| Untracked 
| 125|0x0000000091d00000, 0x0000000091d00000, 0x0000000091e00000|  0%| F|  |TAMS 0x0000000091d00000| PB 0x0000000091d00000| Untracked 
| 126|0x0000000091e00000, 0x0000000091eed3c0, 0x0000000091f00000| 92%| E|  |TAMS 0x0000000091e00000| PB 0x0000000091e00000| Complete 
| 127|0x0000000091f00000, 0x0000000092000000, 0x0000000092000000|100%| E|CS|TAMS 0x0000000091f00000| PB 0x0000000091f00000| Complete 
| 128|0x0000000092000000, 0x0000000092100000, 0x0000000092100000|100%| E|CS|TAMS 0x0000000092000000| PB 0x0000000092000000| Complete 
| 129|0x0000000092100000, 0x0000000092200000, 0x0000000092200000|100%| E|CS|TAMS 0x0000000092100000| PB 0x0000000092100000| Complete 
| 130|0x0000000092200000, 0x0000000092300000, 0x0000000092300000|100%| E|CS|TAMS 0x0000000092200000| PB 0x0000000092200000| Complete 
| 131|0x0000000092300000, 0x0000000092400000, 0x0000000092400000|100%| E|CS|TAMS 0x0000000092300000| PB 0x0000000092300000| Complete 
| 132|0x0000000092400000, 0x0000000092500000, 0x0000000092500000|100%| E|CS|TAMS 0x0000000092400000| PB 0x0000000092400000| Complete 
| 133|0x0000000092500000, 0x0000000092600000, 0x0000000092600000|100%| E|CS|TAMS 0x0000000092500000| PB 0x0000000092500000| Complete 
| 134|0x0000000092600000, 0x0000000092700000, 0x0000000092700000|100%| E|CS|TAMS 0x0000000092600000| PB 0x0000000092600000| Complete 
| 135|0x0000000092700000, 0x0000000092800000, 0x0000000092800000|100%| E|CS|TAMS 0x0000000092700000| PB 0x0000000092700000| Complete 
| 136|0x0000000092800000, 0x0000000092900000, 0x0000000092900000|100%| E|CS|TAMS 0x0000000092800000| PB 0x0000000092800000| Complete 
| 137|0x0000000092900000, 0x0000000092a00000, 0x0000000092a00000|100%| E|CS|TAMS 0x0000000092900000| PB 0x0000000092900000| Complete 
| 138|0x0000000092a00000, 0x0000000092b00000, 0x0000000092b00000|100%| E|CS|TAMS 0x0000000092a00000| PB 0x0000000092a00000| Complete 
| 139|0x0000000092b00000, 0x0000000092c00000, 0x0000000092c00000|100%| E|CS|TAMS 0x0000000092b00000| PB 0x0000000092b00000| Complete 
| 140|0x0000000092c00000, 0x0000000092d00000, 0x0000000092d00000|100%| E|CS|TAMS 0x0000000092c00000| PB 0x0000000092c00000| Complete 
| 141|0x0000000092d00000, 0x0000000092e00000, 0x0000000092e00000|100%| E|CS|TAMS 0x0000000092d00000| PB 0x0000000092d00000| Complete 
| 142|0x0000000092e00000, 0x0000000092f00000, 0x0000000092f00000|100%| E|CS|TAMS 0x0000000092e00000| PB 0x0000000092e00000| Complete 
| 143|0x0000000092f00000, 0x0000000093000000, 0x0000000093000000|100%| E|CS|TAMS 0x0000000092f00000| PB 0x0000000092f00000| Complete 
| 144|0x0000000093000000, 0x0000000093100000, 0x0000000093100000|100%| E|CS|TAMS 0x0000000093000000| PB 0x0000000093000000| Complete 
| 145|0x0000000093100000, 0x0000000093200000, 0x0000000093200000|100%| E|CS|TAMS 0x0000000093100000| PB 0x0000000093100000| Complete 
| 146|0x0000000093200000, 0x0000000093300000, 0x0000000093300000|100%| E|CS|TAMS 0x0000000093200000| PB 0x0000000093200000| Complete 
| 147|0x0000000093300000, 0x0000000093400000, 0x0000000093400000|100%| E|CS|TAMS 0x0000000093300000| PB 0x0000000093300000| Complete 
| 148|0x0000000093400000, 0x0000000093500000, 0x0000000093500000|100%| E|CS|TAMS 0x0000000093400000| PB 0x0000000093400000| Complete 
| 149|0x0000000093500000, 0x0000000093600000, 0x0000000093600000|100%| E|CS|TAMS 0x0000000093500000| PB 0x0000000093500000| Complete 

Card table byte_map: [0x0000018328ea0000,0x0000018329250000] _byte_map_base: 0x0000018328a50000

Marking Bits: (CMBitMap*) 0x0000018310ee86b0
 Bits: [0x0000018329250000, 0x000001832afd0000)

Polling page: 0x000001830ec00000

Metaspace:

Usage:
  Non-class:     17.03 MB used.
      Class:      2.13 MB used.
       Both:     19.16 MB used.

Virtual space:
  Non-class space:       64.00 MB reserved,      17.31 MB ( 27%) committed,  1 nodes.
      Class space:        1.00 GB reserved,       2.31 MB ( <1%) committed,  1 nodes.
             Both:        1.06 GB reserved,      19.62 MB (  2%) committed. 

Chunk freelists:
   Non-Class:  14.17 MB
       Class:  13.71 MB
        Both:  27.88 MB

MaxMetaspaceSize: unlimited
CompressedClassSpaceSize: 1.00 GB
Initial GC threshold: 21.00 MB
Current GC threshold: 21.00 MB
CDS: on
 - commit_granule_bytes: 65536.
 - commit_granule_words: 8192.
 - virtual_space_node_default_size: 8388608.
 - enlarge_chunks_in_place: 1.
 - use_allocation_guard: 0.


Internal statistics:

num_allocs_failed_limit: 0.
num_arena_births: 452.
num_arena_deaths: 0.
num_vsnodes_births: 2.
num_vsnodes_deaths: 0.
num_space_committed: 314.
num_space_uncommitted: 0.
num_chunks_returned_to_freelist: 0.
num_chunks_taken_from_freelist: 955.
num_chunk_merges: 0.
num_chunk_splits: 609.
num_chunks_enlarged: 388.
num_inconsistent_stats: 0.

CodeHeap 'non-profiled nmethods': size=120000Kb used=3055Kb max_used=3055Kb free=116944Kb
 bounds [0x0000018321070000, 0x0000018321370000, 0x00000183285a0000]
CodeHeap 'profiled nmethods': size=120000Kb used=7356Kb max_used=7356Kb free=112643Kb
 bounds [0x00000183195a0000, 0x0000018319cd0000, 0x0000018320ad0000]
CodeHeap 'non-nmethods': size=5760Kb used=2025Kb max_used=2074Kb free=3734Kb
 bounds [0x0000018320ad0000, 0x0000018320d40000, 0x0000018321070000]
CodeCache: size=245760Kb, used=12436Kb, max_used=12485Kb, free=233321Kb
 total_blobs=5071, nmethods=3908, adapters=1066, full_count=0
Compilation: enabled, stopped_count=0, restarted_count=0

Compilation events (20 events):
Event: 4.005 Thread 0x000001832dc5e840 3896       3       sun.misc.Unsafe::putInt (11 bytes)
Event: 4.005 Thread 0x000001832dc5e840 nmethod 3896 0x0000018319ccba90 code [0x0000018319ccbc20, 0x0000018319ccbd30]
Event: 4.005 Thread 0x000001832dc5e840 3897       3       org.lwjgl.system.MemoryUtil::encodeASCIIUnsafe (53 bytes)
Event: 4.005 Thread 0x000001832dc5e840 nmethod 3897 0x0000018319ccbe10 code [0x0000018319ccc000, 0x0000018319ccc3f8]
Event: 4.047 Thread 0x000001832dc5e840 3898       3       jdk.internal.loader.NativeLibraries$NativeLibraryImpl::find (9 bytes)
Event: 4.047 Thread 0x000001832dc5e840 nmethod 3898 0x0000018319ccc590 code [0x0000018319ccc740, 0x0000018319ccc880]
Event: 4.051 Thread 0x000001832dc5e840 3901       3       jdk.internal.org.objectweb.asm.AnnotationWriter::putAnnotations (110 bytes)
Event: 4.051 Thread 0x000001832dc5e840 nmethod 3901 0x0000018319ccc910 code [0x0000018319cccb20, 0x0000018319cccf40]
Event: 4.051 Thread 0x000001832dc5e840 3904       3       java.lang.invoke.MethodHandleNatives::staticArgumentsPulled (5 bytes)
Event: 4.051 Thread 0x000001832dc5e840 nmethod 3904 0x0000018319ccd210 code [0x0000018319ccd3c0, 0x0000018319ccd5a8]
Event: 4.051 Thread 0x000001832dc5e840 3905       3       java.lang.invoke.BootstrapMethodInvoker::widenAndCast (47 bytes)
Event: 4.051 Thread 0x000001837318f9b0 3906       4       java.lang.StringBuilder::toString (9 bytes)
Event: 4.052 Thread 0x000001832dc5e840 nmethod 3905 0x0000018319ccd610 code [0x0000018319ccd880, 0x0000018319cce1b0]
Event: 4.052 Thread 0x000001832dc5e840 3907       3       org.apache.logging.log4j.core.pattern.SimpleLiteralPatternConverter::format (6 bytes)
Event: 4.052 Thread 0x000001832dc5e840 nmethod 3907 0x0000018319cce490 code [0x0000018319cce640, 0x0000018319cce810]
Event: 4.052 Thread 0x000001832dc5e840 3908       3       java.util.Calendar::setTimeInMillis (84 bytes)
Event: 4.052 Thread 0x000001832dc5e840 nmethod 3908 0x0000018319cce910 code [0x0000018319cceae0, 0x0000018319ccefc8]
Event: 4.056 Thread 0x000001837318f9b0 nmethod 3906 0x000001832134f490 code [0x000001832134f680, 0x000001832134ff00]
Event: 4.097 Thread 0x000001837396e1e0 nmethod 3779 0x0000018321350210 code [0x0000018321350ce0, 0x00000183213594f8]
Event: 4.137 Thread 0x000001832dc5cdf0 nmethod 3860 0x000001832135e090 code [0x000001832135eb60, 0x0000018321367540]

GC Heap History (18 events):
Event: 0.743 GC heap before
{Heap before GC invocations=0 (full 0):
 garbage-first heap   total 120832K, used 34816K [0x000000008a000000, 0x0000000100000000)
  region size 1024K, 23 young (23552K), 0 survivors (0K)
 Metaspace       used 2602K, committed 2816K, reserved 1114112K
  class space    used 229K, committed 320K, reserved 1048576K
}
Event: 0.748 GC heap after
{Heap after GC invocations=1 (full 0):
 garbage-first heap   total 120832K, used 17024K [0x000000008a000000, 0x0000000100000000)
  region size 1024K, 3 young (3072K), 3 survivors (3072K)
 Metaspace       used 2602K, committed 2816K, reserved 1114112K
  class space    used 229K, committed 320K, reserved 1048576K
}
Event: 0.938 GC heap before
{Heap before GC invocations=1 (full 0):
 garbage-first heap   total 120832K, used 47744K [0x000000008a000000, 0x0000000100000000)
  region size 1024K, 28 young (28672K), 3 survivors (3072K)
 Metaspace       used 2622K, committed 2816K, reserved 1114112K
  class space    used 229K, committed 320K, reserved 1048576K
}
Event: 0.949 GC heap after
{Heap after GC invocations=2 (full 0):
 garbage-first heap   total 120832K, used 32256K [0x000000008a000000, 0x0000000100000000)
  region size 1024K, 4 young (4096K), 4 survivors (4096K)
 Metaspace       used 2622K, committed 2816K, reserved 1114112K
  class space    used 229K, committed 320K, reserved 1048576K
}
Event: 1.451 GC heap before
{Heap before GC invocations=2 (full 0):
 garbage-first heap   total 120832K, used 95744K [0x000000008a000000, 0x0000000100000000)
  region size 1024K, 52 young (53248K), 4 survivors (4096K)
 Metaspace       used 4447K, committed 4608K, reserved 1114112K
  class space    used 415K, committed 512K, reserved 1048576K
}
Event: 1.465 GC heap after
{Heap after GC invocations=3 (full 0):
 garbage-first heap   total 120832K, used 37888K [0x000000008a000000, 0x0000000100000000)
  region size 1024K, 7 young (7168K), 7 survivors (7168K)
 Metaspace       used 4447K, committed 4608K, reserved 1114112K
  class space    used 415K, committed 512K, reserved 1048576K
}
Event: 2.296 GC heap before
{Heap before GC invocations=3 (full 0):
 garbage-first heap   total 120832K, used 84992K [0x000000008a000000, 0x0000000100000000)
  region size 1024K, 51 young (52224K), 7 survivors (7168K)
 Metaspace       used 4737K, committed 4928K, reserved 1114112K
  class space    used 431K, committed 512K, reserved 1048576K
}
Event: 2.303 GC heap after
{Heap after GC invocations=4 (full 0):
 garbage-first heap   total 120832K, used 46080K [0x000000008a000000, 0x0000000100000000)
  region size 1024K, 7 young (7168K), 7 survivors (7168K)
 Metaspace       used 4737K, committed 4928K, reserved 1114112K
  class space    used 431K, committed 512K, reserved 1048576K
}
Event: 2.590 GC heap before
{Heap before GC invocations=4 (full 0):
 garbage-first heap   total 120832K, used 93184K [0x000000008a000000, 0x0000000100000000)
  region size 1024K, 50 young (51200K), 7 survivors (7168K)
 Metaspace       used 5234K, committed 5440K, reserved 1114112K
  class space    used 486K, committed 576K, reserved 1048576K
}
Event: 2.597 GC heap after
{Heap after GC invocations=5 (full 0):
 garbage-first heap   total 120832K, used 55296K [0x000000008a000000, 0x0000000100000000)
  region size 1024K, 5 young (5120K), 5 survivors (5120K)
 Metaspace       used 5234K, committed 5440K, reserved 1114112K
  class space    used 486K, committed 576K, reserved 1048576K
}
Event: 2.611 GC heap before
{Heap before GC invocations=5 (full 0):
 garbage-first heap   total 120832K, used 70656K [0x000000008a000000, 0x0000000100000000)
  region size 1024K, 18 young (18432K), 5 survivors (5120K)
 Metaspace       used 5234K, committed 5440K, reserved 1114112K
  class space    used 486K, committed 576K, reserved 1048576K
}
Event: 2.619 GC heap after
{Heap after GC invocations=6 (full 0):
 garbage-first heap   total 120832K, used 64512K [0x000000008a000000, 0x0000000100000000)
  region size 1024K, 6 young (6144K), 6 survivors (6144K)
 Metaspace       used 5234K, committed 5440K, reserved 1114112K
  class space    used 486K, committed 576K, reserved 1048576K
}
Event: 2.689 GC heap before
{Heap before GC invocations=7 (full 0):
 garbage-first heap   total 120832K, used 95232K [0x000000008a000000, 0x0000000100000000)
  region size 1024K, 32 young (32768K), 6 survivors (6144K)
 Metaspace       used 5240K, committed 5440K, reserved 1114112K
  class space    used 488K, committed 576K, reserved 1048576K
}
Event: 2.700 GC heap after
{Heap after GC invocations=8 (full 0):
 garbage-first heap   total 153600K, used 55808K [0x000000008a000000, 0x0000000100000000)
  region size 1024K, 4 young (4096K), 4 survivors (4096K)
 Metaspace       used 5240K, committed 5440K, reserved 1114112K
  class space    used 488K, committed 576K, reserved 1048576K
}
Event: 2.871 GC heap before
{Heap before GC invocations=8 (full 0):
 garbage-first heap   total 153600K, used 108032K [0x000000008a000000, 0x0000000100000000)
  region size 1024K, 55 young (56320K), 4 survivors (4096K)
 Metaspace       used 5432K, committed 5632K, reserved 1114112K
  class space    used 496K, committed 576K, reserved 1048576K
}
Event: 2.877 GC heap after
{Heap after GC invocations=9 (full 0):
 garbage-first heap   total 153600K, used 56334K [0x000000008a000000, 0x0000000100000000)
  region size 1024K, 3 young (3072K), 3 survivors (3072K)
 Metaspace       used 5432K, committed 5632K, reserved 1114112K
  class space    used 496K, committed 576K, reserved 1048576K
}
Event: 3.625 GC heap before
{Heap before GC invocations=9 (full 0):
 garbage-first heap   total 153600K, used 118798K [0x000000008a000000, 0x0000000100000000)
  region size 1024K, 64 young (65536K), 3 survivors (3072K)
 Metaspace       used 13908K, committed 14208K, reserved 1114112K
  class space    used 1531K, committed 1664K, reserved 1048576K
}
Event: 3.629 GC heap after
{Heap after GC invocations=10 (full 0):
 garbage-first heap   total 153600K, used 58367K [0x000000008a000000, 0x0000000100000000)
  region size 1024K, 5 young (5120K), 5 survivors (5120K)
 Metaspace       used 13908K, committed 14208K, reserved 1114112K
  class space    used 1531K, committed 1664K, reserved 1048576K
}

Dll operation events (12 events):
Event: 0.006 Loaded shared library C:\Users\glackus\.jdks\ms-21.0.10\bin\java.dll
Event: 0.027 Loaded shared library C:\Users\glackus\.jdks\ms-21.0.10\bin\jsvml.dll
Event: 0.103 Loaded shared library C:\Users\glackus\.jdks\ms-21.0.10\bin\net.dll
Event: 0.104 Loaded shared library C:\Users\glackus\.jdks\ms-21.0.10\bin\nio.dll
Event: 0.116 Loaded shared library C:\Users\glackus\.jdks\ms-21.0.10\bin\zip.dll
Event: 0.267 Loaded shared library C:\Users\glackus\.jdks\ms-21.0.10\bin\jimage.dll
Event: 1.505 Loaded shared library C:\Users\glackus\.jdks\ms-21.0.10\bin\verify.dll
Event: 3.217 Loaded shared library C:\Users\glackus\.jdks\ms-21.0.10\bin\management.dll
Event: 3.223 Loaded shared library C:\Users\glackus\.jdks\ms-21.0.10\bin\management_ext.dll
Event: 3.541 Loaded shared library C:\Users\glackus\AppData\Local\Temp\jna-108184354\jna10376046385767518071.dll
Event: 3.581 Loaded shared library C:\Users\glackus\AppData\Local\Temp\jlinenative-3.25.1-3d38dc5d7216bf07-jlinenative.dll
Event: 3.978 Loaded shared library C:\Users\glackus\AppData\Local\Temp\lwjgl_glackus\3.3.3+5\x64\lwjgl.dll

Deoptimization events (20 events):
Event: 3.921 Thread 0x0000018310e91070 DEOPT PACKING pc=0x000001832111659c sp=0x0000004b5c3feb60
Event: 3.921 Thread 0x0000018310e91070 DEOPT UNPACKING pc=0x0000018320b24422 sp=0x0000004b5c3fea20 mode 2
Event: 3.922 Thread 0x0000018310e91070 Uncommon trap: trap_request=0xffffff3d fr.pc=0x00000183211177b0 relative=0x00000000000000f0
Event: 3.922 Thread 0x0000018310e91070 Uncommon trap: reason=unstable_fused_if action=reinterpret pc=0x00000183211177b0 method=java.lang.StrictMath.floorOrCeil(DDDD)D @ 8 c2
Event: 3.922 Thread 0x0000018310e91070 DEOPT PACKING pc=0x00000183211177b0 sp=0x0000004b5c3feaa0
Event: 3.922 Thread 0x0000018310e91070 DEOPT UNPACKING pc=0x0000018320b24422 sp=0x0000004b5c3fea18 mode 2
Event: 3.944 Thread 0x0000018310e91070 Uncommon trap: trap_request=0xffffff45 fr.pc=0x00000183212dd45c relative=0x000000000000161c
Event: 3.944 Thread 0x0000018310e91070 Uncommon trap: reason=unstable_if action=reinterpret pc=0x00000183212dd45c method=java.util.concurrent.ConcurrentHashMap.transfer([Ljava/util/concurrent/ConcurrentHashMap$Node;[Ljava/util/concurrent/ConcurrentHashMap$Node;)V @ 26 c2
Event: 3.944 Thread 0x0000018310e91070 DEOPT PACKING pc=0x00000183212dd45c sp=0x0000004b5c3f9c90
Event: 3.944 Thread 0x0000018310e91070 DEOPT UNPACKING pc=0x0000018320b24422 sp=0x0000004b5c3f9c00 mode 2
Event: 3.947 Thread 0x0000018310e91070 Uncommon trap: trap_request=0xffffff45 fr.pc=0x000001832129711c relative=0x000000000000025c
Event: 3.947 Thread 0x0000018310e91070 Uncommon trap: reason=unstable_if action=reinterpret pc=0x000001832129711c method=java.util.concurrent.ConcurrentHashMap.get(Ljava/lang/Object;)Ljava/lang/Object; @ 76 c2
Event: 3.947 Thread 0x0000018310e91070 DEOPT PACKING pc=0x000001832129711c sp=0x0000004b5c3fd0e0
Event: 3.947 Thread 0x0000018310e91070 DEOPT UNPACKING pc=0x0000018320b24422 sp=0x0000004b5c3fd058 mode 2
Event: 3.947 Thread 0x0000018310e91070 Uncommon trap: trap_request=0xffffff45 fr.pc=0x0000018321308ca4 relative=0x0000000000000fa4
Event: 3.947 Thread 0x0000018310e91070 Uncommon trap: reason=unstable_if action=reinterpret pc=0x0000018321308ca4 method=java.util.concurrent.ConcurrentHashMap.computeIfAbsent(Ljava/lang/Object;Ljava/util/function/Function;)Ljava/lang/Object; @ 244 c2
Event: 3.947 Thread 0x0000018310e91070 DEOPT PACKING pc=0x0000018321308ca4 sp=0x0000004b5c3fd010
Event: 3.947 Thread 0x0000018310e91070 DEOPT UNPACKING pc=0x0000018320b24422 sp=0x0000004b5c3fcfb0 mode 2
Event: 4.004 Thread 0x0000018310e91070 DEOPT PACKING pc=0x0000018319b77e57 sp=0x0000004b5c3fdd00
Event: 4.004 Thread 0x0000018310e91070 DEOPT UNPACKING pc=0x0000018320b24bc2 sp=0x0000004b5c3fd120 mode 0

Classes loaded (20 events):
Event: 3.990 Loading class java/nio/DirectCharBufferU
Event: 3.991 Loading class java/nio/DirectCharBufferU done
Event: 3.991 Loading class java/nio/DirectFloatBufferU
Event: 3.991 Loading class java/nio/DirectFloatBufferU done
Event: 3.991 Loading class java/nio/DirectDoubleBufferU
Event: 3.991 Loading class java/nio/DirectDoubleBufferU done
Event: 3.992 Loading class java/util/function/LongPredicate
Event: 3.992 Loading class java/util/function/LongPredicate done
Event: 3.995 Loading class java/nio/InvalidMarkException
Event: 3.995 Loading class java/nio/InvalidMarkException done
Event: 3.996 Loading class java/nio/BufferUnderflowException
Event: 3.996 Loading class java/nio/BufferUnderflowException done
Event: 4.048 Loading class java/util/concurrent/ScheduledThreadPoolExecutor$ScheduledFutureTask
Event: 4.048 Loading class java/util/concurrent/FutureTask
Event: 4.049 Loading class java/util/concurrent/FutureTask done
Event: 4.049 Loading class java/util/concurrent/ScheduledThreadPoolExecutor$ScheduledFutureTask done
Event: 4.049 Loading class java/util/concurrent/FutureTask$WaitNode
Event: 4.049 Loading class java/util/concurrent/FutureTask$WaitNode done
Event: 4.049 Loading class java/util/concurrent/Executors$RunnableAdapter
Event: 4.049 Loading class java/util/concurrent/Executors$RunnableAdapter done

Classes unloaded (0 events):
No events

Classes redefined (0 events):
No events

Internal exceptions (20 events):
Event: 3.963 Thread 0x0000018310e91070 Exception <a 'java/lang/NoSuchMethodError'{0x00000000920bc978}: 'void java.lang.System.loadLibrary(java.lang.String, java.lang.Class)'> (0x00000000920bc978) 
thrown [s\src\hotspot\share\interpreter\linkResolver.cpp, line 773]
Event: 3.966 Thread 0x0000018310e91070 Exception <a 'sun/nio/fs/WindowsException'{0x00000000920e4e38}> (0x00000000920e4e38) 
thrown [s\src\hotspot\share\prims\jni.cpp, line 520]
Event: 3.966 Thread 0x0000018310e91070 Exception <a 'sun/nio/fs/WindowsException'{0x00000000920e5278}> (0x00000000920e5278) 
thrown [s\src\hotspot\share\prims\jni.cpp, line 520]
Event: 3.966 Thread 0x0000018310e91070 Exception <a 'sun/nio/fs/WindowsException'{0x00000000920e56b0}> (0x00000000920e56b0) 
thrown [s\src\hotspot\share\prims\jni.cpp, line 520]
Event: 3.967 Thread 0x0000018310e91070 Exception <a 'sun/nio/fs/WindowsException'{0x00000000920e6ee0}> (0x00000000920e6ee0) 
thrown [s\src\hotspot\share\prims\jni.cpp, line 520]
Event: 3.970 Thread 0x0000018310e91070 Exception <a 'sun/nio/fs/WindowsException'{0x0000000091f08f38}> (0x0000000091f08f38) 
thrown [s\src\hotspot\share\prims\jni.cpp, line 520]
Event: 3.970 Thread 0x0000018310e91070 Exception <a 'sun/nio/fs/WindowsException'{0x0000000091f0fad8}> (0x0000000091f0fad8) 
thrown [s\src\hotspot\share\prims\jni.cpp, line 520]
Event: 3.974 Thread 0x0000018310e91070 Exception <a 'sun/nio/fs/WindowsException'{0x0000000091f14e90}> (0x0000000091f14e90) 
thrown [s\src\hotspot\share\prims\jni.cpp, line 520]
Event: 3.975 Thread 0x0000018310e91070 Exception <a 'sun/nio/fs/WindowsException'{0x0000000091f151f0}> (0x0000000091f151f0) 
thrown [s\src\hotspot\share\prims\jni.cpp, line 520]
Event: 3.985 Thread 0x0000018310e91070 Exception <a 'sun/nio/fs/WindowsException'{0x0000000091f27028}> (0x0000000091f27028) 
thrown [s\src\hotspot\share\prims\jni.cpp, line 520]
Event: 3.985 Thread 0x0000018310e91070 Exception <a 'sun/nio/fs/WindowsException'{0x0000000091f27688}> (0x0000000091f27688) 
thrown [s\src\hotspot\share\prims\jni.cpp, line 520]
Event: 3.985 Thread 0x0000018310e91070 Exception <a 'sun/nio/fs/WindowsException'{0x0000000091f2e2d0}> (0x0000000091f2e2d0) 
thrown [s\src\hotspot\share\prims\jni.cpp, line 520]
Event: 3.987 Thread 0x0000018310e91070 Exception <a 'sun/nio/fs/WindowsException'{0x0000000091f33040}> (0x0000000091f33040) 
thrown [s\src\hotspot\share\prims\jni.cpp, line 520]
Event: 3.988 Thread 0x0000018310e91070 Exception <a 'sun/nio/fs/WindowsException'{0x0000000091f333c0}> (0x0000000091f333c0) 
thrown [s\src\hotspot\share\prims\jni.cpp, line 520]
Event: 3.993 Thread 0x0000018310e91070 Exception <a 'java/lang/NoSuchMethodError'{0x0000000091f834f8}: 'int java.lang.invoke.DirectMethodHandle$Holder.invokeStaticInit(java.lang.Object, java.lang.Object, int, long)'> (0x0000000091f834f8) 
thrown [s\src\hotspot\share\interpreter\linkResolver.cpp, line 773]
Event: 3.993 Thread 0x0000018310e91070 Exception <a 'java/lang/NoSuchMethodError'{0x0000000091f88a70}: 'java.lang.Object java.lang.invoke.DirectMethodHandle$Holder.newInvokeSpecial(java.lang.Object, java.lang.Object, int)'> (0x0000000091f88a70) 
thrown [s\src\hotspot\share\interpreter\linkResolver.cpp, line 773]
Event: 3.994 Thread 0x0000018310e91070 Exception <a 'java/lang/NoSuchMethodError'{0x0000000091f99858}: 'int java.lang.invoke.DirectMethodHandle$Holder.invokeStaticInit(java.lang.Object, java.lang.Object, long, long)'> (0x0000000091f99858) 
thrown [s\src\hotspot\share\interpreter\linkResolver.cpp, line 773]
Event: 3.994 Thread 0x0000018310e91070 Exception <a 'java/lang/NoSuchMethodError'{0x0000000091f9ef28}: 'java.lang.Object java.lang.invoke.DirectMethodHandle$Holder.newInvokeSpecial(java.lang.Object, java.lang.Object, long)'> (0x0000000091f9ef28) 
thrown [s\src\hotspot\share\interpreter\linkResolver.cpp, line 773]
Event: 3.994 Thread 0x0000018310e91070 Exception <a 'java/lang/NoSuchMethodError'{0x0000000091fa2710}: 'java.lang.Object java.lang.invoke.Invokers$Holder.linkToTargetMethod(java.lang.Object, long, java.lang.Object)'> (0x0000000091fa2710) 
thrown [s\src\hotspot\share\interpreter\linkResolver.cpp, line 773]
Event: 3.994 Thread 0x0000018310e91070 Exception <a 'java/lang/NoSuchMethodError'{0x0000000091fa9908}: 'int java.lang.invoke.DirectMethodHandle$Holder.invokeStaticInit(java.lang.Object, java.lang.Object, java.lang.Object, long)'> (0x0000000091fa9908) 
thrown [s\src\hotspot\share\interpreter\linkResolver.cpp, line 773]

ZGC Phase Switch (0 events):
No events

VM Operations (20 events):
Event: 3.084 Executing non-safepoint VM operation: HandshakeAllThreads (Deoptimize)
Event: 3.084 Executing non-safepoint VM operation: HandshakeAllThreads (Deoptimize) done
Event: 3.117 Executing safepoint VM operation: ICBufferFull
Event: 3.118 Executing safepoint VM operation: ICBufferFull done
Event: 3.278 Executing non-safepoint VM operation: HandshakeAllThreads (Deoptimize)
Event: 3.278 Executing non-safepoint VM operation: HandshakeAllThreads (Deoptimize) done
Event: 3.625 Executing safepoint VM operation: G1CollectForAllocation (G1 Evacuation Pause)
Event: 3.629 Executing safepoint VM operation: G1CollectForAllocation (G1 Evacuation Pause) done
Event: 3.655 Executing non-safepoint VM operation: HandshakeAllThreads (Deoptimize)
Event: 3.655 Executing non-safepoint VM operation: HandshakeAllThreads (Deoptimize) done
Event: 3.722 Executing non-safepoint VM operation: HandshakeAllThreads (Deoptimize)
Event: 3.722 Executing non-safepoint VM operation: HandshakeAllThreads (Deoptimize) done
Event: 3.834 Executing non-safepoint VM operation: HandshakeAllThreads (Deoptimize)
Event: 3.835 Executing non-safepoint VM operation: HandshakeAllThreads (Deoptimize) done
Event: 3.842 Executing non-safepoint VM operation: HandshakeAllThreads (Deoptimize)
Event: 3.842 Executing non-safepoint VM operation: HandshakeAllThreads (Deoptimize) done
Event: 3.876 Executing non-safepoint VM operation: HandshakeAllThreads (Deoptimize)
Event: 3.876 Executing non-safepoint VM operation: HandshakeAllThreads (Deoptimize) done
Event: 3.959 Executing safepoint VM operation: ICBufferFull
Event: 3.959 Executing safepoint VM operation: ICBufferFull done

Memory protections (0 events):
No events

Nmethod flushes (0 events):
No events

Events (20 events):
Event: 0.113 Thread 0x000001832dc5e840 Thread added: 0x000001837318f9b0
Event: 0.113 Thread 0x000001832dc5e840 Thread added: 0x0000018373190060
Event: 0.724 Thread 0x0000018373190060 Thread exited: 0x0000018373190060
Event: 0.778 Thread 0x000001832dc5e840 Thread added: 0x000001837396e1e0
Event: 1.397 Thread 0x000001837396e1e0 Thread exited: 0x000001837396e1e0
Event: 1.397 Thread 0x000001837318f9b0 Thread exited: 0x000001837318f9b0
Event: 1.402 Thread 0x000001832dc5cdf0 Thread added: 0x000001837318f9b0
Event: 1.411 Thread 0x000001837318f9b0 Thread added: 0x000001837396e1e0
Event: 2.004 Thread 0x000001837396e1e0 Thread exited: 0x000001837396e1e0
Event: 2.011 Thread 0x000001832dc5e840 Thread added: 0x000001837396e1e0
Event: 3.556 Thread 0x0000018310e91070 Thread added: 0x0000018375007830
Event: 3.575 Thread 0x0000018310e91070 Thread added: 0x00000183755f6600
Event: 3.578 Thread 0x00000183755f6600 Thread exited: 0x00000183755f6600
Event: 3.651 Thread 0x0000018310e91070 Thread added: 0x0000018375313520
Event: 3.706 Thread 0x0000018375313520 Thread exited: 0x0000018375313520
Event: 3.708 Thread 0x0000018310e91070 Thread added: 0x0000018375312170
Event: 3.711 Thread 0x0000018375312170 Thread exited: 0x0000018375312170
Event: 3.833 Thread 0x0000018310e91070 Thread added: 0x0000018375314240
Event: 3.833 Thread 0x0000018375314240 Thread exited: 0x0000018375314240
Event: 4.049 Thread 0x0000018310e91070 Thread added: 0x0000018376a81e60


Dynamic libraries:
0x00007ff70b000000 - 0x00007ff70b00e000 	C:\Users\glackus\.jdks\ms-21.0.10\bin\java.exe
0x00007ffca4730000 - 0x00007ffca4925000 	C:\Windows\SYSTEM32\ntdll.dll
0x00007ffca4520000 - 0x00007ffca45de000 	C:\Windows\System32\KERNEL32.DLL
0x00007ffca22d0000 - 0x00007ffca2599000 	C:\Windows\System32\KERNELBASE.dll
0x00007ffc9f7a0000 - 0x00007ffc9f830000 	C:\Windows\SYSTEM32\apphelp.dll
0x00007ffca1f30000 - 0x00007ffca2030000 	C:\Windows\System32\ucrtbase.dll
0x00007ffc9bb40000 - 0x00007ffc9bb58000 	C:\Users\glackus\.jdks\ms-21.0.10\bin\jli.dll
0x00007ffc9a5a0000 - 0x00007ffc9a5be000 	C:\Users\glackus\.jdks\ms-21.0.10\bin\VCRUNTIME140.dll
0x00007ffca3b90000 - 0x00007ffca3d31000 	C:\Windows\System32\USER32.dll
0x00007ffc9b850000 - 0x00007ffc9baea000 	C:\Windows\WinSxS\amd64_microsoft.windows.common-controls_6595b64144ccf1df_6.0.19041.1110_none_60b5254171f9507e\COMCTL32.dll
0x00007ffca1e50000 - 0x00007ffca1e72000 	C:\Windows\System32\win32u.dll
0x00007ffca41f0000 - 0x00007ffca428e000 	C:\Windows\System32\msvcrt.dll
0x00007ffca4320000 - 0x00007ffca434b000 	C:\Windows\System32\GDI32.dll
0x00007ffca2190000 - 0x00007ffca229b000 	C:\Windows\System32\gdi32full.dll
0x00007ffca25a0000 - 0x00007ffca263d000 	C:\Windows\System32\msvcp_win.dll
0x00007ffca31a0000 - 0x00007ffca31d0000 	C:\Windows\System32\IMM32.DLL
0x00007ffc9bb30000 - 0x00007ffc9bb3c000 	C:\Users\glackus\.jdks\ms-21.0.10\bin\vcruntime140_1.dll
0x00007ffc8c550000 - 0x00007ffc8c5d9000 	C:\Users\glackus\.jdks\ms-21.0.10\bin\msvcp140.dll
0x00007ffc6d230000 - 0x00007ffc6dfdd000 	C:\Users\glackus\.jdks\ms-21.0.10\bin\server\jvm.dll
0x00007ffca45e0000 - 0x00007ffca468c000 	C:\Windows\System32\ADVAPI32.dll
0x00007ffca2f20000 - 0x00007ffca2fbb000 	C:\Windows\System32\sechost.dll
0x00007ffca2fc0000 - 0x00007ffca30ea000 	C:\Windows\System32\RPCRT4.dll
0x00007ffca3a70000 - 0x00007ffca3adb000 	C:\Windows\System32\WS2_32.dll
0x00007ffca1d40000 - 0x00007ffca1d8b000 	C:\Windows\SYSTEM32\POWRPROF.dll
0x00007ffc901c0000 - 0x00007ffc901e7000 	C:\Windows\SYSTEM32\WINMM.dll
0x00007ffc95270000 - 0x00007ffc9527a000 	C:\Windows\SYSTEM32\VERSION.dll
0x00007ffca1ca0000 - 0x00007ffca1cb2000 	C:\Windows\SYSTEM32\UMPDC.dll
0x00007ffc9f910000 - 0x00007ffc9f922000 	C:\Windows\SYSTEM32\kernel.appcore.dll
0x00007ffc9a750000 - 0x00007ffc9a75a000 	C:\Users\glackus\.jdks\ms-21.0.10\bin\jimage.dll
0x00007ffc9bbf0000 - 0x00007ffc9bdd4000 	C:\Windows\SYSTEM32\DBGHELP.DLL
0x00007ffc9bbc0000 - 0x00007ffc9bbec000 	C:\Windows\SYSTEM32\dbgcore.DLL
0x00007ffca26f0000 - 0x00007ffca2773000 	C:\Windows\System32\bcryptPrimitives.dll
0x00007ffc8d460000 - 0x00007ffc8d481000 	C:\Users\glackus\.jdks\ms-21.0.10\bin\java.dll
0x00007ffca2780000 - 0x00007ffca2ebf000 	C:\Windows\System32\SHELL32.dll
0x00007ffc9ff70000 - 0x00007ffca0700000 	C:\Windows\SYSTEM32\windows.storage.dll
0x00007ffca3d40000 - 0x00007ffca4095000 	C:\Windows\System32\combase.dll
0x00007ffca17d0000 - 0x00007ffca17fc000 	C:\Windows\SYSTEM32\Wldp.dll
0x00007ffca30f0000 - 0x00007ffca319d000 	C:\Windows\System32\SHCORE.dll
0x00007ffca2ec0000 - 0x00007ffca2f15000 	C:\Windows\System32\shlwapi.dll
0x00007ffca1d90000 - 0x00007ffca1daf000 	C:\Windows\SYSTEM32\profapi.dll
0x00007ffc8c470000 - 0x00007ffc8c546000 	C:\Users\glackus\.jdks\ms-21.0.10\bin\jsvml.dll
0x00007ffc947c0000 - 0x00007ffc947d1000 	C:\Users\glackus\.jdks\ms-21.0.10\bin\net.dll
0x00007ffc986f0000 - 0x00007ffc987f8000 	C:\Windows\SYSTEM32\WINHTTP.dll
0x00007ffca1530000 - 0x00007ffca159a000 	C:\Windows\system32\mswsock.dll
0x00007ffc8d1c0000 - 0x00007ffc8d1d6000 	C:\Users\glackus\.jdks\ms-21.0.10\bin\nio.dll
0x00007ffc956b0000 - 0x00007ffc956c8000 	C:\Users\glackus\.jdks\ms-21.0.10\bin\zip.dll
0x00007ffc95610000 - 0x00007ffc95620000 	C:\Users\glackus\.jdks\ms-21.0.10\bin\verify.dll
0x00007ffc95200000 - 0x00007ffc9520a000 	C:\Users\glackus\.jdks\ms-21.0.10\bin\management.dll
0x00007ffc93b50000 - 0x00007ffc93b5c000 	C:\Users\glackus\.jdks\ms-21.0.10\bin\management_ext.dll
0x00007ffca3430000 - 0x00007ffca3438000 	C:\Windows\System32\PSAPI.DLL
0x00007ffc85680000 - 0x00007ffc85697000 	C:\Windows\system32\napinsp.dll
0x00007ffc856a0000 - 0x00007ffc856bb000 	C:\Windows\system32\pnrpnsp.dll
0x00007ffc978a0000 - 0x00007ffc978b5000 	C:\Windows\system32\wshbth.dll
0x00007ffc98a60000 - 0x00007ffc98a7d000 	C:\Windows\system32\NLAapi.dll
0x00007ffca1220000 - 0x00007ffca125b000 	C:\Windows\SYSTEM32\IPHLPAPI.DLL
0x00007ffca1260000 - 0x00007ffca132c000 	C:\Windows\SYSTEM32\DNSAPI.dll
0x00007ffca3420000 - 0x00007ffca3428000 	C:\Windows\System32\NSI.dll
0x00007ffc87390000 - 0x00007ffc873a2000 	C:\Windows\System32\winrnr.dll
0x00007ffc9d250000 - 0x00007ffc9d25a000 	C:\Windows\System32\rasadhlp.dll
0x00007ffc98060000 - 0x00007ffc980df000 	C:\Windows\System32\fwpuclnt.dll
0x00007ffca22a0000 - 0x00007ffca22c7000 	C:\Windows\System32\bcrypt.dll
0x00007ffca1720000 - 0x00007ffca1738000 	C:\Windows\SYSTEM32\CRYPTSP.dll
0x00007ffca0eb0000 - 0x00007ffca0ee4000 	C:\Windows\system32\rsaenh.dll
0x00007ffca1cc0000 - 0x00007ffca1cee000 	C:\Windows\SYSTEM32\USERENV.dll
0x00007ffca1740000 - 0x00007ffca174c000 	C:\Windows\SYSTEM32\CRYPTBASE.dll
0x00007ffc8a810000 - 0x00007ffc8a855000 	C:\Users\glackus\AppData\Local\Temp\jna-108184354\jna10376046385767518071.dll
0x00007ffc8b470000 - 0x00007ffc8b494000 	C:\Users\glackus\AppData\Local\Temp\jlinenative-3.25.1-3d38dc5d7216bf07-jlinenative.dll
0x00007ffc87c40000 - 0x00007ffc87cbb000 	C:\Users\glackus\AppData\Local\Temp\lwjgl_glackus\3.3.3+5\x64\lwjgl.dll
0x00007ffc85fa0000 - 0x00007ffc86022000 	C:\Users\glackus\AppData\Local\Temp\lwjgl_glackus\3.3.3+5\x64\glfw.dll
0x00007ffc820f0000 - 0x00007ffc82135000 	C:\Windows\SYSTEM32\dinput8.dll
0x00007ffc83bd0000 - 0x00007ffc83be1000 	C:\Windows\SYSTEM32\xinput1_4.dll
0x00007ffca26a0000 - 0x00007ffca26ee000 	C:\Windows\System32\cfgmgr32.dll
0x00007ffca1b20000 - 0x00007ffca1b54000 	C:\Windows\SYSTEM32\DEVOBJ.dll
0x00007ffc9fcd0000 - 0x00007ffc9fcff000 	C:\Windows\SYSTEM32\dwmapi.dll
0x00007ffc92470000 - 0x00007ffc925c2000 	C:\Windows\SYSTEM32\inputhost.dll
0x00007ffca4350000 - 0x00007ffca441d000 	C:\Windows\System32\OLEAUT32.dll
0x00007ffc9f510000 - 0x00007ffc9f602000 	C:\Windows\SYSTEM32\CoreMessaging.dll
0x00007ffc9f1b0000 - 0x00007ffc9f50e000 	C:\Windows\SYSTEM32\CoreUIComponents.dll
0x00007ffc9ea20000 - 0x00007ffc9eb74000 	C:\Windows\SYSTEM32\wintypes.dll
0x00007ffc9d920000 - 0x00007ffc9da16000 	C:\Windows\SYSTEM32\PROPSYS.dll
0x00007ffca0b40000 - 0x00007ffca0b73000 	C:\Windows\SYSTEM32\ntmarta.dll
0x00007ffc9fbe0000 - 0x00007ffc9fc7e000 	C:\Windows\system32\uxtheme.dll
0x00007ffca3300000 - 0x00007ffca3415000 	C:\Windows\System32\MSCTF.dll
0x00007ffc6ce00000 - 0x00007ffc6cf25000 	C:\Windows\SYSTEM32\opengl32.dll
0x00007ffc82ac0000 - 0x00007ffc82aec000 	C:\Windows\SYSTEM32\GLU32.dll
0x00007ffca3ae0000 - 0x00007ffca3b89000 	C:\Windows\System32\clbcatq.dll
0x00007ffc934e0000 - 0x00007ffc9350d000 	C:\Windows\System32\DriverStore\FileRepository\u0390451.inf_amd64_39377efdd62734d1\B390182\atig6pxx.dll
0x00007ffc43c70000 - 0x00007ffc478a5000 	C:\Windows\System32\DriverStore\FileRepository\u0390451.inf_amd64_39377efdd62734d1\B390182\atio6axx.dll
0x00007ffca3440000 - 0x00007ffca38b2000 	C:\Windows\System32\SETUPAPI.dll
0x00007ffca2640000 - 0x00007ffca26a0000 	C:\Windows\System32\WINTRUST.dll
0x00007ffca2030000 - 0x00007ffca2186000 	C:\Windows\System32\CRYPT32.dll
0x00007ffca1960000 - 0x00007ffca1972000 	C:\Windows\SYSTEM32\MSASN1.dll

JVMTI agents: none

dbghelp: loaded successfully - version: 4.0.5 - missing functions: none
symbol engine: initialized successfully - sym options: 0x614 - pdb path: .;C:\Users\glackus\.jdks\ms-21.0.10\bin;C:\Windows\SYSTEM32;C:\Windows\WinSxS\amd64_microsoft.windows.common-controls_6595b64144ccf1df_6.0.19041.1110_none_60b5254171f9507e;C:\Users\glackus\.jdks\ms-21.0.10\bin\server;C:\Users\glackus\AppData\Local\Temp\jna-108184354;C:\Users\glackus\AppData\Local\Temp;C:\Users\glackus\AppData\Local\Temp\lwjgl_glackus\3.3.3+5\x64;C:\Windows\System32\DriverStore\FileRepository\u0390451.inf_amd64_39377efdd62734d1\B390182

VM Arguments:
jvm_args: -Dforge.enableGameTest=true -Dforge.enabledGameTestNamespaces=discord -Dforge.logging.console.level=debug -Dforge.logging.markers=REGISTRIES -Djava.net.preferIPv6Addresses=system -XX:HeapDumpPath=MojangTricksIntelDriversForPerformance_javaw.exe_minecraft.exe.heapdump -Dfile.encoding=UTF-8 -Duser.country=RU -Duser.language=ru -Duser.variant 
java_command: net.minecraftforge.bootstrap.ForgeBootstrap --launchTarget forge_userdev_client --version MOD_DEV --assetIndex 17 --assetsDir C:\Users\glackus\.gradle\caches\forge_gradle\assets --gameDir . --username glackus --password glackus228*
java_class_path (initial): D:\IdeaProjects\untitled3\build\sourcesSets\main;C:\Users\glackus\.gradle\caches\forge_gradle\minecraft_user_repo\net\minecraftforge\forge\1.21.1-52.1.10_mapped_official_1.21.1\forge-1.21.1-52.1.10_mapped_official_1.21.1.jar;C:\Users\glackus\.gradle\caches\forge_gradle\minecraft_repo\versions\1.21.1\client-extra.jar;C:\Users\glackus\.gradle\caches\modules-2\files-2.1\net.minecraftforge\fmlearlydisplay\1.21.1-52.1.10\52624c13fb6a6a9c2d5683f02cedc69ae3f1343c\fmlearlydisplay-1.21.1-52.1.10.jar;C:\Users\glackus\.gradle\caches\modules-2\files-2.1\net.minecraftforge\javafmllanguage\1.21.1-52.1.10\c5cc6719551d4751568493e057db5f3f56caad46\javafmllanguage-1.21.1-52.1.10.jar;C:\Users\glackus\.gradle\caches\modules-2\files-2.1\net.minecraftforge\lowcodelanguage\1.21.1-52.1.10\54bde6b4124c42ec5556427357f01a4cb27ff06e\lowcodelanguage-1.21.1-52.1.10.jar;C:\Users\glackus\.gradle\caches\modules-2\files-2.1\net.minecraftforge\mclanguage\1.21.1-52.1.10\cbedb7279fcc133201d76da192461c07e9b90457\mclanguage-1.21.1-52.1.10.jar;C:\Users\glackus\.gradle\caches\modules-2\files-2.1\net.minecraftforge\fmlcore\1.21.1-52.1.10\68f7562a6a6920f9d43956b2459b98836350206f\fmlcore-1.21.1-52.1.10.jar;C:\Users\glackus\.gradle\caches\modules-2\files-2.1\net.minecraftforge\fmlloader\1.21.1-52.1.10\b4554a0b2c215c0878ce3fd7c02aae50acbe9f13\fmlloader-1.21.1-52.1.10.jar;C:\Users\glackus\.gradle\caches\modules-2\files-2.1\net.minecraftforge\accesstransformers\8.2.2\5b17acd565e357c5812574e4db75b96c86c7db93\accesstransformers-8.2.2.jar;C:\Users\glackus\.gradle\caches\modules-2\files-2.1\net.minecraftforge\forgespi\7.1.5\c01beea469b66cf787614239b7e0f791329b3816\forgespi-7.1.5.jar;C:\Users\glackus\.gradle\caches\modules-2\files-2.1\net.minecraftforge\modlauncher\10.2.4\781dde4dcb54a7bd4f66b256d47e82710939b1bf\modlauncher-10.2.4.jar;C:\Users\glackus\.gradle\caches\modules-2\files-2.1\net.sf.jopt-simple\jopt-simple\5.0.4\4fdac2fbe92dfad86aa6e9301736f6b4342a3f5c\jopt-simple-5.0.4.jar;C:\Users\glackus\.gradle\caches\modules-2\files-2.1\net.minecraftforge\JarJarSelector\0.3.26\1e032096a4d07e5bbb7b2f3b2beee8d5e02879e9\JarJarSelector-0.3.26.jar;C:\Users\glackus\.gradle\caches\modules-2\files-2.1\net.minecraftforge\JarJarMetadata\0.3.26\6db967d6cce100e4abdeed0abfd594b9f42e0d10\JarJarMetadata-0.3.26.jar;C:\Users\glackus\.gradle\caches\modules-2\files-2.1\com.google.code.gson\gson\2.10.1\b3add478d4382b78ea20b1671390a858002feb6c\gson-2.10.1.jar;C:\Users\glackus\.gradle\caches\modules-2\files-2.1\com.google.jimfs\jimfs\1.3.0\93096472c3654a761c40c8e5d4ad82a7c1a0fd54\jimfs-1.3.0.jar;C:\Users\glackus\.gradle\caches\modules-2\files-2.1\com.google.guava\guava\32.1.2-jre\5e64ec7e056456bef3a4bc4c6fdaef71e8ab6318\guava-32.1.2-jre.jar;C:\Users\glackus\.gradle\caches\modules-2\files-2.1\com.google.code.findbugs\jsr305\3.0.2\25ea2e8b0c338a877313bd4672d3fe056ea78f0d\jsr305-3.0.2.jar;C:\Users\glackus\.gradle\caches\modules-2\files-2.1\org.jetbrains\annotations\24.0.1\13c5c75c4206580aa4d683bffee658caae6c9f43\annotations-24.0.1.jar;C:\Users\glackus\.gradle\caches\modules-2\files-2.1\ca.weblite\java-objc-bridge\1.1\1227f9e0666314f9de41477e3ec277e542ed7f7b\java-objc-bridge-1.1.jar;C:\Users\glackus\.gradle\caches\modules-2\files-2.1\net.minecraftforge\mergetool-api\1.0\589fac8080d2eb657bb37f464151abcd25524d64\mergetool-api-1.0.jar;C:\Users\glackus\.gradle\caches\forge_gradle\mcp_repo\net\minecraft\mapping\1.21.1\mapping-1.21.1-mapping.zip;C:\Users\glackus\.gradle\caches\modules-2\files-2.1\net.minecraftforge\bootstrap\2.1.8\7ce55508387cf35eeb0eb4895bd84bec854ead93\bootstrap-2.1.8.jar;C:\Users\glackus\.gradle\caches\modules-2\files-2.1\net.minecraftforge\bootstrap-api\2.1.8\f77d6527282dfc12e2460a3155467f40f9a2673b\bootstrap-api-2.1.8.jar;C:\Users\glackus\.gradle\caches\modules-2\files-2.1\net.minecraftforge\eventbus\6.2.27\1a7914b85a47ef9e8f333b694a6f8c0dc6a57db7\eventbus-6.2.27.jar;C:\Users\glackus\.gradle\caches\modules-2\files-2.1\net.jodah\typetools\0.6.3\a01aaa6ddaea9ec07ec4f209487b7a46a526283a\typetools-0.6.3.jar;C:\Users\glackus\.gradle\caches\modules-2\files-2.1\net.minecraftforge\coremods\5.2.6\9528a9f2133ec5284122ac3d62cfff8bc8c6bba0\coremods-5.2.6.jar;C:\Users\glackus\.gradle\caches\modules-2\files-2.1\org.openjdk.nashorn\nashorn-core\15.4\f67f5ffaa5f5130cf6fb9b133da00c7df3b532a5\nashorn-core-15.4.jar;C:\Users\glackus\.gradle\caches\modules-2\files-2.1\com.electronwill.night-config\toml\3.7.4\aae582c90434a801bc1c34806631446f78ef1797\toml-3.7.4.jar;C:\Users\glackus\.gradle\caches\modules-2\files-2.1\com.electronwill.night-config\core\3.7.4\fcd552161d0a6c2f0fcf75e337abbb040c597e1d\core-3.7.4.jar;C:\Users\glackus\.gradle\caches\modules-2\files-2.1\org.apache.maven\maven-artifact\3.8.8\c4324db6f73f14e1327da2a1acec293d75212ae7\maven-artifact-3.8.8.jar;C:\Users\glackus\.gradle\caches\modules-2\files-2.1\net.minecrell\terminalconsoleappender\1.2.0\96d02cd3b384ff015a8fef4223bcb4ccf1717c95\terminalconsoleappender-1.2.0.jar;C:\Users\glackus\.gradle\caches\modules-2\files-2.1\org.jline\jline-reader\3.25.1\46d87459a98d74be8c77645f2bc3c65bb2fc4f3a\jline-reader-3.25.1.jar;C:\Users\glackus\.gradle\caches\modules-2\files-2.1\org.jline\jline-terminal-jna\3.25.1\7e39efe62b2710b9f2bbefd2911e176b2efe1105\jline-terminal-jna-3.25.1.jar;C:\Users\glackus\.gradle\caches\modules-2\files-2.1\org.jline\jline-terminal\3.25.1\44e0e53397c39d01c525bad3735097596a7d889a\jline-terminal-3.25.1.jar;C:\Users\glackus\.gradle\caches\modules-2\files-2.1\org.spongepowered\mixin\0.8.7\8ab114ac385e6dbdad5efafe28aba4df8120915f\mixin-0.8.7.jar;C:\Users\glackus\.gradle\caches\modules-2\files-2.1\net.minecraftforge\JarJarFileSystems\0.3.26\4b48cd32749b87a18afee96f33b825305feea289\JarJarFileSystems-0.3.26.jar;C:\Users\glackus\.gradle\caches\modules-2\files-2.1\com.google.guava\failureaccess\1.0.1\1dcf1de382a0bf95a3d8b0849546c88bac1292c9\failureaccess-1.0.1.jar;C:\Users\glackus\.gradle\caches\modules-2\files-2.1\net.minecraftforge\securemodules\2.2.24\d8402fa81935b1a6440240f98079b14d0462ccac\securemodules-2.2.24.jar;C:\Users\glackus\.gradle\caches\modules-2\files-2.1\net.minecraftforge\unsafe\0.9.2\33bad02861cabd77c54a8c9d1205e8638bbbbb4f\unsafe-0.9.2.jar;C:\Users\glackus\.gradle\caches\modules-2\files-2.1\org.ow2.asm\asm-util\9.8\395f1c1f035258511f27bc9b2583d76e4b143f59\asm-util-9.8.jar;C:\Users\glackus\.gradle\caches\modules-2\files-2.1\org.ow2.asm\asm-commons\9.8\36e4d212970388e5bd2c5180292012502df461bb\asm-commons-9.8.jar;C:\Users\glackus\.gradle\caches\modules-2\files-2.1\org.ow2.asm\asm-analysis\9.8\b9747a320844b6cb1eacd90d8ecfd260a16c01d3\asm-analysis-9.8.jar;C:\Users\glackus\.gradle\caches\modules-2\files-2.1\org.ow2.asm\asm-tree\9.8\18419ca5b77a2f81097c741e7872e6ab8d2f40d\asm-tree-9.8.jar;C:\Users\glackus\.gradle\caches\modules-2\files-2.1\org.ow2.asm\asm\9.8\dc19ecb3f7889b7860697215cae99c0f9b6f6b4b\asm-9.8.jar;C:\Users\glackus\.gradle\caches\modules-2\files-2.1\com.github.oshi\oshi-core\6.4.10\b1d8ab82d11d92fd639b56d639f8f46f739dd5fa\oshi-core-6.4.10.jar;C:\Users\glackus\.gradle\caches\modules-2\files-2.1\com.ibm.icu\icu4j\73.2\61ad4ef7f9131fcf6d25c34b817f90d6da06c9e9\icu4j-73.2.jar;C:\Users\glackus\.gradle\caches\modules-2\files-2.1\com.mojang\authlib\6.0.54\de8bc95660e1b2fe8793fd427a7a10dcec5b3ea7\authlib-6.0.54.jar;C:\Users\glackus\.gradle\caches\modules-2\files-2.1\com.mojang\blocklist\1.0.10\5c685c5ffa94c4cd39496c7184c1d122e515ecef\blocklist-1.0.10.jar;C:\Users\glackus\.gradle\caches\modules-2\files-2.1\com.mojang\brigadier\1.3.10\d15b53a14cf20fdcaa98f731af5dda654452c010\brigadier-1.3.10.jar;C:\Users\glackus\.gradle\caches\modules-2\files-2.1\com.mojang\datafixerupper\8.0.16\67d4de6d7f95d89bcf5862995fb854ebaec02a34\datafixerupper-8.0.16.jar;C:\Users\glackus\.gradle\caches\modules-2\files-2.1\com.mojang\logging\1.2.7\24cb95ffb0e3433fd6e844c04e68009e504ca1c0\logging-1.2.7.jar;C:\Users\glackus\.gradle\caches\modules-2\files-2.1\com.mojang\patchy\2.2.10\da05971b07cbb379d002cf7eaec6a2048211fefc\patchy-2.2.10.jar;C:\Users\glackus\.gradle\caches\modules-2\files-2.1\com.mojang\text2speech\1.17.9\3cad216e3a7f0c19b4b394388bc9ffc446f13b14\text2speech-1.17.9.jar;C:\Users\glackus\.gradle\caches\modules-2\files-2.1\org.apache.httpcomponents\httpclient\4.5.13\e5f6cae5ca7ecaac1ec2827a9e2d65ae2869cada\httpclient-4.5.13.jar;C:\Users\glackus\.gradle\caches\modules-2\files-2.1\commons-codec\commons-codec\1.16.0\4e3eb3d79888d76b54e28b350915b5dc3919c9de\commons-codec-1.16.0.jar;C:\Users\glackus\.gradle\caches\modules-2\files-2.1\org.apache.commons\commons-compress\1.26.0\659feffdd12280201c8aacb8f7be94f9a883c824\commons-compress-1.26.0.jar;C:\Users\glackus\.gradle\caches\modules-2\files-2.1\commons-io\commons-io\2.15.1\f11560da189ab563a5c8e351941415430e9304ea\commons-io-2.15.1.jar;C:\Users\glackus\.gradle\caches\modules-2\files-2.1\commons-logging\commons-logging\1.2\4bfc12adfe4842bf07b657f0369c4cb522955686\commons-logging-1.2.jar;C:\Users\glackus\.gradle\caches\modules-2\files-2.1\io.netty\netty-handler\4.1.97.Final\abb86c6906bf512bf2b797a41cd7d2e8d3cd7c36\netty-handler-4.1.97.Final.jar;C:\Users\glackus\.gradle\caches\modules-2\files-2.1\io.netty\netty-codec\4.1.97.Final\384ba4d75670befbedb45c4d3b497a93639c206d\netty-codec-4.1.97.Final.jar;C:\Users\glackus\.gradle\caches\modules-2\files-2.1\io.netty\netty-transport-classes-epoll\4.1.97.Final\795da37ded759e862457a82d9d92c4d39ce8ecee\netty-transport-classes-epoll-4.1.97.Final.jar;C:\Users\glackus\.gradle\caches\modules-2\files-2.1\io.netty\netty-transport-native-unix-common\4.1.97.Final\d469d84265ab70095b01b40886cabdd433b6e664\netty-transport-native-unix-common-4.1.97.Final.jar;C:\Users\glackus\.gradle\caches\modules-2\files-2.1\io.netty\netty-transport\4.1.97.Final\f37380d23c9bb079bc702910833b2fd532c9abd0\netty-transport-4.1.97.Final.jar;C:\Users\glackus\.gradle\caches\modules-2\files-2.1\io.netty\netty-buffer\4.1.97.Final\f8f3d8644afa5e6e1a40a3a6aeb9d9aa970ecb4f\netty-buffer-4.1.97.Final.jar;C:\Users\glackus\.gradle\caches\modules-2\files-2.1\io.netty\netty-resolver\4.1.97.Final\cec8348108dc76c47cf87c669d514be52c922144\netty-resolver-4.1.97.Final.jar;C:\Users\glackus\.gradle\caches\modules-2\files-2.1\io.netty\netty-common\4.1.97.Final\7cceacaf11df8dc63f23d0fb58e9d4640fc88404\netty-common-4.1.97.Final.jar;C:\Users\glackus\.gradle\caches\modules-2\files-2.1\it.unimi.dsi\fastutil\8.5.12\c24946d46824bd528054bface3231d2ecb7e95e8\fastutil-8.5.12.jar;C:\Users\glackus\.gradle\caches\modules-2\files-2.1\net.java.dev.jna\jna-platform\5.14.0\28934d48aed814f11e4c584da55c49fa7032b31b\jna-platform-5.14.0.jar;C:\Users\glackus\.gradle\caches\modules-2\files-2.1\net.java.dev.jna\jna\5.14.0\67bf3eaea4f0718cb376a181a629e5f88fa1c9dd\jna-5.14.0.jar;C:\Users\glackus\.gradle\caches\modules-2\files-2.1\org.apache.commons\commons-lang3\3.14.0\1ed471194b02f2c6cb734a0cd6f6f107c673afae\commons-lang3-3.14.0.jar;C:\Users\glackus\.gradle\caches\modules-2\files-2.1\org.apache.httpcomponents\httpcore\4.4.16\51cf043c87253c9f58b539c9f7e44c8894223850\httpcore-4.4.16.jar;C:\Users\glackus\.gradle\caches\modules-2\files-2.1\org.apache.logging.log4j\log4j-slf4j2-impl\2.22.1\d7e6693c2606cb7e7335047d7bb96dec52db5665\log4j-slf4j2-impl-2.22.1.jar;C:\Users\glackus\.gradle\caches\modules-2\files-2.1\org.apache.logging.log4j\log4j-core\2.22.1\7183a25510a02ad00cc6a95d3b3d2a7d3c5a8dc4\log4j-core-2.22.1.jar;C:\Users\glackus\.gradle\caches\modules-2\files-2.1\org.apache.logging.log4j\log4j-api\2.22.1\bea6fede6328fabafd7e68363161a7ea6605abd1\log4j-api-2.22.1.jar;C:\Users\glackus\.gradle\caches\modules-2\files-2.1\org.jcraft\jorbis\0.0.17\8872d22b293e8f5d7d56ff92be966e6dc28ebdc6\jorbis-0.0.17.jar;C:\Users\glackus\.gradle\caches\modules-2\files-2.1\org.joml\joml\1.10.5\22566d58af70ad3d72308bab63b8339906deb649\joml-1.10.5.jar;C:\Users\glackus\.gradle\caches\modules-2\files-2.1\org.lwjgl\lwjgl-freetype\3.3.3\a0db6c84a8becc8ca05f9dbfa985edc348a824c7\lwjgl-freetype-3.3.3.jar;C:\Users\glackus\.gradle\caches\modules-2\files-2.1\org.lwjgl\lwjgl-freetype\3.3.3\81091b006dbb43fab04c8c638e9ac87c51b4096d\lwjgl-freetype-3.3.3-natives-windows.jar;C:\Users\glackus\.gradle\caches\modules-2\files-2.1\org.lwjgl\lwjgl-freetype\3.3.3\82028265a0a2ff33523ca75137ada7dc176e5210\lwjgl-freetype-3.3.3-natives-windows-arm64.jar;C:\Users\glackus\.gradle\caches\modules-2\files-2.1\org.lwjgl\lwjgl-freetype\3.3.3\15a8c1de7f51d07a92eae7ce1222557073a0c0c3\lwjgl-freetype-3.3.3-natives-windows-x86.jar;C:\Users\glackus\.gradle\caches\modules-2\files-2.1\org.lwjgl\lwjgl-glfw\3.3.3\efa1eb78c5ccd840e9f329717109b5e892d72f8e\lwjgl-glfw-3.3.3.jar;C:\Users\glackus\.gradle\caches\modules-2\files-2.1\org.lwjgl\lwjgl-glfw\3.3.3\e449e28b4891fc423c54c85fbc5bb0b9efece67a\lwjgl-glfw-3.3.3-natives-windows.jar;C:\Users\glackus\.gradle\caches\modules-2\files-2.1\org.lwjgl\lwjgl-glfw\3.3.3\f27018dc74f6289574502b46cce55d52817554e2\lwjgl-glfw-3.3.3-natives-windows-arm64.jar;C:\Users\glackus\.gradle\caches\modules-2\files-2.1\org.lwjgl\lwjgl-glfw\3.3.3\32334f3fd5270a59bad9939a93115acb6de36dcf\lwjgl-glfw-3.3.3-natives-windows-x86.jar;C:\Users\glackus\.gradle\caches\modules-2\files-2.1\org.lwjgl\lwjgl-jemalloc\3.3.3\b543467b7ff3c6920539a88ee602d34098628be5\lwjgl-jemalloc-3.3.3.jar;C:\Users\glackus\.gradle\caches\modules-2\files-2.1\org.lwjgl\lwjgl-jemalloc\3.3.3\426222fc027602a5f21b9c0fe79cde6a4c7a011f\lwjgl-jemalloc-3.3.3-natives-windows.jar;C:\Users\glackus\.gradle\caches\modules-2\files-2.1\org.lwjgl\lwjgl-jemalloc\3.3.3\ba1f3fed0ee4be0217eaa41c5bbfb4b9b1383c33\lwjgl-jemalloc-3.3.3-natives-windows-arm64.jar;C:\Users\glackus\.gradle\caches\modules-2\files-2.1\org.lwjgl\lwjgl-jemalloc\3.3.3\f6063b6e0f23be483c5c88d84ce51b39dc69126c\lwjgl-jemalloc-3.3.3-natives-windows-x86.jar;C:\Users\glackus\.gradle\caches\modules-2\files-2.1\org.lwjgl\lwjgl-openal\3.3.3\daada81ceb5fc0c291fbfdd4433cb8d9423577f2\lwjgl-openal-3.3.3.jar;C:\Users\glackus\.gradle\caches\modules-2\files-2.1\org.lwjgl\lwjgl-openal\3.3.3\cf83862ae95d98496b26915024c7e666d8ab1c8f\lwjgl-openal-3.3.3-natives-windows.jar;C:\Users\glackus\.gradle\caches\modules-2\files-2.1\org.lwjgl\lwjgl-openal\3.3.3\8e0615235116b9e4160dfe87bec90f5f6378bf72\lwjgl-openal-3.3.3-natives-windows-arm64.jar;C:\Users\glackus\.gradle\caches\modules-2\files-2.1\org.lwjgl\lwjgl-openal\3.3.3\87b8d5050e3adb46bb58fe1cb2669a4a48fce10d\lwjgl-openal-3.3.3-natives-windows-x86.jar;C:\Users\glackus\.gradle\caches\modules-2\files-2.1\org.lwjgl\lwjgl-opengl\3.3.3\2f6b0147078396a58979125a4c947664e98293a\lwjgl-opengl-3.3.3.jar;C:\Users\glackus\.gradle\caches\modules-2\files-2.1\org.lwjgl\lwjgl-opengl\3.3.3\e6c1eec8be8a71951b830a4d69efc01c6531900c\lwjgl-opengl-3.3.3-natives-windows.jar;C:\Users\glackus\.gradle\caches\modules-2\files-2.1\org.lwjgl\lwjgl-opengl\3.3.3\65e956d3735a1abdc82eff4baec1b61174697d4b\lwjgl-opengl-3.3.3-natives-windows-arm64.jar;C:\Users\glackus\.gradle\caches\modules-2\files-2.1\org.lwjgl\lwjgl-opengl\3.3.3\d32d833dcaa2f355a886eaf21f0408b5f03241d\lwjgl-opengl-3.3.3-natives-windows-x86.jar;C:\Users\glackus\.gradle\caches\modules-2\files-2.1\org.lwjgl\lwjgl-stb\3.3.3\25dd6161988d7e65f71d5065c99902402ee32746\lwjgl-stb-3.3.3.jar;C:\Users\glackus\.gradle\caches\modules-2\files-2.1\org.lwjgl\lwjgl-stb\3.3.3\1d9facdf6541de114b0f963be33505b7679c78cb\lwjgl-stb-3.3.3-natives-windows.jar;C:\Users\glackus\.gradle\caches\modules-2\files-2.1\org.lwjgl\lwjgl-stb\3.3.3\a584ab44de569708871f0a79561f4d8c37487f2c\lwjgl-stb-3.3.3-natives-windows-arm64.jar;C:\Users\glackus\.gradle\caches\modules-2\files-2.1\org.lwjgl\lwjgl-stb\3.3.3\b5c874687b9aac1a936501d4ed2c49567fd1b575\lwjgl-stb-3.3.3-natives-windows-x86.jar;C:\Users\glackus\.gradle\caches\modules-2\files-2.1\org.lwjgl\lwjgl-tinyfd\3.3.3\82d755ca94b102e9ca77283b9e2dc46d1b15fbe5\lwjgl-tinyfd-3.3.3.jar;C:\Users\glackus\.gradle\caches\modules-2\files-2.1\org.lwjgl\lwjgl-tinyfd\3.3.3\a6697981b0449a5087c1d546fc08b4f73e8f98c9\lwjgl-tinyfd-3.3.3-natives-windows.jar;C:\Users\glackus\.gradle\caches\modules-2\files-2.1\org.lwjgl\lwjgl-tinyfd\3.3.3\a88c494f3006eb91a7433b12a3a55a9a6c20788b\lwjgl-tinyfd-3.3.3-natives-windows-arm64.jar;C:\Users\glackus\.gradle\caches\modules-2\files-2.1\org.lwjgl\lwjgl-tinyfd\3.3.3\c336c84ee88cccb495c6ffa112395509e7378e8a\lwjgl-tinyfd-3.3.3-natives-windows-x86.jar;C:\Users\glackus\.gradle\caches\modules-2\files-2.1\org.lwjgl\lwjgl\3.3.3\29589b5f87ed335a6c7e7ee6a5775f81f97ecb84\lwjgl-3.3.3.jar;C:\Users\glackus\.gradle\caches\modules-2\files-2.1\org.lwjgl\lwjgl\3.3.3\a5ed18a2b82fc91b81f40d717cb1f64c9dcb0540\lwjgl-3.3.3-natives-windows.jar;C:\Users\glackus\.gradle\caches\modules-2\files-2.1\org.lwjgl\lwjgl\3.3.3\e9aca8c5479b520a2a7f0d542a118140e812c5e8\lwjgl-3.3.3-natives-windows-arm64.jar;C:\Users\glackus\.gradle\caches\modules-2\files-2.1\org.lwjgl\lwjgl\3.3.3\9e670718e050aeaeea0c2d5b907cffb142f2e58f\lwjgl-3.3.3-natives-windows-x86.jar;C:\Users\glackus\.gradle\caches\modules-2\files-2.1\org.lz4\lz4-java\1.8.0\4b986a99445e49ea5fbf5d149c4b63f6ed6c6780\lz4-java-1.8.0.jar;C:\Users\glackus\.gradle\caches\modules-2\files-2.1\com.machinezoo.noexception\noexception\1.7.1\b65330c98e38a1f915fa54a6e5eca496505e3f0a\noexception-1.7.1.jar;C:\Users\glackus\.gradle\caches\modules-2\files-2.1\org.slf4j\slf4j-simple\1.7.30\e606eac955f55ecf1d8edcccba04eb8ac98088dd\slf4j-simple-1.7.30.jar;C:\Users\glackus\.gradle\caches\modules-2\files-2.1\org.slf4j\slf4j-api\2.0.9\7cf2726fdcfbc8610f9a71fb3ed639871f315340\slf4j-api-2.0.9.jar;C:\Users\glackus\.gradle\caches\modules-2\files-2.1\org.codehaus.plexus\plexus-utils\3.3.1\9b41b2b76b1bfe3774411fe22f5868058a9fc822\plexus-utils-3.3.1.jar;C:\Users\glackus\.gradle\caches\modules-2\files-2.1\org.jline\jline-native\3.25.1\7f58e474f7d94db5bf87b1fddf4fa646475779f2\jline-native-3.25.1.jar;C:\Users\glackus\.gradle\caches\modules-2\files-2.1\com.google.guava\listenablefuture\9999.0-empty-to-avoid-conflict-with-guava\b421526c5f297295adef1c886e5246c39d4ac629\listenablefuture-9999.0-empty-to-avoid-conflict-with-guava.jar;C:\Users\glackus\.gradle\caches\modules-2\files-2.1\org.checkerframework\checker-qual\3.33.0\de2b60b62da487644fc11f734e73c8b0b431238f\checker-qual-3.33.0.jar;C:\Users\glackus\.gradle\caches\modules-2\files-2.1\com.google.errorprone\error_prone_annotations\2.18.0\89b684257096f548fa39a7df9fdaa409d4d4df91\error_prone_annotations-2.18.0.jar
Launcher Type: SUN_STANDARD

[Global flags]
     intx CICompilerCount                          = 4                                         {product} {ergonomic}
     uint ConcGCThreads                            = 3                                         {product} {ergonomic}
     uint G1ConcRefinementThreads                  = 10                                        {product} {ergonomic}
   size_t G1HeapRegionSize                         = 1048576                                   {product} {ergonomic}
    uintx GCDrainStackTargetSize                   = 64                                        {product} {ergonomic}
    ccstr HeapDumpPath                             = MojangTricksIntelDriversForPerformance_javaw.exe_minecraft.exe.heapdump         {manageable} {command line}
   size_t InitialHeapSize                          = 123731968                                 {product} {ergonomic}
   size_t MarkStackSize                            = 4194304                                   {product} {ergonomic}
   size_t MaxHeapSize                              = 1979711488                                {product} {ergonomic}
   size_t MaxNewSize                               = 1186988032                                {product} {ergonomic}
   size_t MinHeapDeltaBytes                        = 1048576                                   {product} {ergonomic}
   size_t MinHeapSize                              = 8388608                                   {product} {ergonomic}
    uintx NonNMethodCodeHeapSize                   = 5839372                                {pd product} {ergonomic}
    uintx NonProfiledCodeHeapSize                  = 122909434                              {pd product} {ergonomic}
    uintx ProfiledCodeHeapSize                     = 122909434                              {pd product} {ergonomic}
    uintx ReservedCodeCacheSize                    = 251658240                              {pd product} {ergonomic}
     bool SegmentedCodeCache                       = true                                      {product} {ergonomic}
   size_t SoftMaxHeapSize                          = 1979711488                             {manageable} {ergonomic}
     bool UseCompressedOops                        = true                           {product lp64_product} {ergonomic}
     bool UseG1GC                                  = true                                      {product} {ergonomic}
     bool UseLargePagesIndividualAllocation        = false                                  {pd product} {ergonomic}

Logging:
Log output configuration:
 #0: stdout all=warning uptime,level,tags foldmultilines=false
 #1: stderr all=off uptime,level,tags foldmultilines=false

Release file:
IMPLEMENTOR="Microsoft" 
IMPLEMENTOR_VERSION="Microsoft-13106404" 
JAVA_RUNTIME_VERSION="21.0.10+7-LTS" 
JAVA_VERSION="21.0.10" 
JAVA_VERSION_DATE="2026-01-20" 
LIBC="default" 
MODULES="java.base java.compiler java.datatransfer java.xml java.prefs java.desktop java.instrument java.logging java.management java.security.sasl java.naming java.rmi java.management.rmi java.net.http java.scripting java.security.jgss java.transaction.xa java.sql java.sql.rowset java.xml.crypto java.se java.smartcardio jdk.accessibility jdk.internal.jvmstat jdk.attach jdk.charsets jdk.internal.opt jdk.zipfs jdk.compiler jdk.crypto.ec jdk.crypto.cryptoki jdk.crypto.mscapi jdk.dynalink jdk.internal.ed jdk.editpad jdk.hotspot.agent jdk.httpserver jdk.incubator.vector jdk.internal.le jdk.internal.vm.ci jdk.internal.vm.compiler jdk.internal.vm.compiler.management jdk.jartool jdk.javadoc jdk.jcmd jdk.management jdk.management.agent jdk.jconsole jdk.jdeps jdk.jdwp.agent jdk.jdi jdk.jfr jdk.jlink jdk.jpackage jdk.jshell jdk.jsobject jdk.jstatd jdk.localedata jdk.management.jfr jdk.naming.dns jdk.naming.rmi jdk.net jdk.nio.mapmode jdk.random jdk.sctp jdk.security.auth jdk.security.jgss jdk.unsupported jdk.unsupported.desktop jdk.xml.dom" 
OS_ARCH="x86_64" 
OS_NAME="Windows" 
SOURCE=".:git:e69b6ef7382e" 

Environment Variables:
PATH=C:\Windows\system32;C:\Windows;C:\Windows\System32\Wbem;C:\Windows\System32\WindowsPowerShell\v1.0\;C:\Windows\System32\OpenSSH\;C:\Program Files\dotnet\;C:\Users\glackus\AppData\Local\Microsoft\WindowsApps;C:\Users\glackus\AppData\Local\Microsoft\WinGet\Packages\Fastfetch-cli.Fastfetch_Microsoft.Winget.Source_8wekyb3d8bbwe;
USERNAME=glackus
OS=Windows_NT
PROCESSOR_IDENTIFIER=AMD64 Family 25 Model 80 Stepping 0, AuthenticAMD
TMP=C:\Users\glackus\AppData\Local\Temp
TEMP=C:\Users\glackus\AppData\Local\Temp




Periodic native trim disabled

---------------  S Y S T E M  ---------------

OS:
 Windows 10 , 64 bit Build 19041 (10.0.19041.1202)
OS uptime: 0 days 1:58 hours

CPU: total 12 (initial active 12) (12 cores per cpu, 2 threads per core) family 25 model 80 stepping 0 microcode 0x0, cx8, cmov, fxsr, ht, mmx, 3dnowpref, sse, sse2, sse3, ssse3, sse4a, sse4.1, sse4.2, popcnt, lzcnt, tsc, tscinvbit, avx, avx2, aes, erms, clmul, bmi1, bmi2, adx, sha, fma, vzeroupper, clflush, clflushopt, rdtscp, rdpid, fsrm, f16c, pku, cet_ss
Processor Information for the first 12 processors :
  Max Mhz: 3901, Current Mhz: 3901, Mhz Limit: 3901

Memory: 4k page, system-wide physical 7550M (1107M free)
TotalPageFile size 18314M (AvailPageFile size 3463M)
current process WorkingSet (physical memory assigned to process): 271M, peak: 283M
current process commit charge ("private bytes"): 314M, peak: 327M

vm_info: OpenJDK 64-Bit Server VM (21.0.10+7-LTS) for windows-amd64 JRE (21.0.10+7-LTS), built on 2026-01-15T18:39:42Z by "MicrosoftCorporation" with MS VC++ 17.14 (VS2022)

END.
